<?xml version="1.0" encoding="UTF-8" standalone="yes"?><!DOCTYPE report PUBLIC "-//JACOCO//DTD Report 1.1//EN" "report.dtd"><report name="Dependency-Check Maven Plugin"><sessioninfo id="fv-az357-757-e59b9b1" start="1673781957616" dump="1673781959820"/><sessioninfo id="fv-az357-757-70a4b3cb" start="1673781994336" dump="1673782074979"/><sessioninfo id="fv-az357-757-eeb07d7e" start="1673781994468" dump="1673782085600"/><sessioninfo id="fv-az357-757-a2806dcf" start="1673782076286" dump="1673782098411"/><sessioninfo id="fv-az357-757-c5c7d501" start="1673781994463" dump="1673782104817"/><sessioninfo id="fv-az357-757-c4a73b70" start="1673781994539" dump="1673782117805"/><sessioninfo id="fv-az357-757-44a300a" start="1673782105622" dump="1673782134784"/><sessioninfo id="fv-az357-757-3b395f0c" start="1673782099082" dump="1673782141639"/><sessioninfo id="fv-az357-757-4ad3fa6a" start="1673782086135" dump="1673782153297"/><sessioninfo id="fv-az357-757-7ce9e9a1" start="1673782142259" dump="1673782163929"/><sessioninfo id="fv-az357-757-a6e15654" start="1673782135141" dump="1673782175791"/><sessioninfo id="fv-az357-757-c6db576c" start="1673782164816" dump="1673782181767"/><sessioninfo id="fv-az357-757-8b69648d" start="1673782153769" dump="1673782183485"/><sessioninfo id="fv-az357-757-59ae7d31" start="1673782117986" dump="1673782197411"/><sessioninfo id="fv-az357-757-62ac27c8" start="1673782176665" dump="1673782209251"/><sessioninfo id="fv-az357-757-6048f074" start="1673782198506" dump="1673782222790"/><sessioninfo id="fv-az357-757-2540598a" start="1673782182626" dump="1673782227980"/><sessioninfo id="fv-az357-757-85836346" start="1673782228524" dump="1673782250226"/><sessioninfo id="fv-az357-757-708d2c3a" start="1673782184699" dump="1673782287139"/><sessioninfo id="fv-az357-757-5830201" start="1673782223477" dump="1673782308112"/><sessioninfo id="fv-az357-757-17b8fed0" start="1673782250921" dump="1673782317727"/><sessioninfo id="fv-az357-757-71692253" start="1673782287333" dump="1673782327829"/><sessioninfo id="fv-az357-757-b3a6ca29" start="1673782209637" dump="1673782328708"/><sessioninfo id="fv-az357-757-bcf27c46" start="1673782308828" dump="1673782336395"/><package name="org/owasp/dependencycheck/maven"><class name="org/owasp/dependencycheck/maven/ArtifactScopeExcluded" sourcefilename="ArtifactScopeExcluded.java"><method name="&lt;init&gt;" desc="(ZZZZ)V" line="60"><counter type="INSTRUCTION" missed="0" covered="15"/><counter type="LINE" missed="0" covered="6"/><counter type="COMPLEXITY" missed="0" covered="1"/><counter type="METHOD" missed="0" covered="1"/></method><method name="passes" desc="(Ljava/lang/String;)Z" line="77"><counter type="INSTRUCTION" missed="18" covered="32"/><counter type="BRANCH" missed="10" covered="12"/><counter type="LINE" missed="3" covered="8"/><counter type="COMPLEXITY" missed="7" covered="5"/><counter type="METHOD" missed="0" covered="1"/></method><counter type="INSTRUCTION" missed="18" covered="47"/><counter type="BRANCH" missed="10" covered="12"/><counter type="LINE" missed="3" covered="14"/><counter type="COMPLEXITY" missed="7" covered="6"/><counter type="METHOD" missed="0" covered="2"/><counter type="CLASS" missed="0" covered="1"/></class><class name="org/owasp/dependencycheck/maven/PurgeMojo" sourcefilename="PurgeMojo.java"><method name="&lt;init&gt;" desc="()V" line="43"><counter type="INSTRUCTION" missed="3" covered="0"/><counter type="LINE" missed="1" covered="0"/><counter type="COMPLEXITY" missed="1" covered="0"/><counter type="METHOD" missed="1" covered="0"/></method><method name="canGenerateReport" desc="()Z" line="52"><counter type="INSTRUCTION" missed="2" covered="0"/><counter type="LINE" missed="1" covered="0"/><counter type="COMPLEXITY" missed="1" covered="0"/><counter type="METHOD" missed="1" covered="0"/></method><method name="runCheck" desc="()V" line="65"><counter type="INSTRUCTION" missed="18" covered="0"/><counter type="LINE" missed="5" covered="0"/><counter type="COMPLEXITY" missed="1" covered="0"/><counter type="METHOD" missed="1" covered="0"/></method><method name="getName" desc="(Ljava/util/Locale;)Ljava/lang/String;" line="81"><counter type="INSTRUCTION" missed="2" covered="0"/><counter type="LINE" missed="1" covered="0"/><counter type="COMPLEXITY" missed="1" covered="0"/><counter type="METHOD" missed="1" covered="0"/></method><method name="getDescription" desc="(Ljava/util/Locale;)Ljava/lang/String;" line="93"><counter type="INSTRUCTION" missed="2" covered="0"/><counter type="LINE" missed="1" covered="0"/><counter type="COMPLEXITY" missed="1" covered="0"/><counter type="METHOD" missed="1" covered="0"/></method><method name="scanDependencies" desc="(Lorg/owasp/dependencycheck/Engine;)Lorg/owasp/dependencycheck/exception/ExceptionCollection;" line="105"><counter type="INSTRUCTION" missed="5" covered="0"/><counter type="LINE" missed="1" covered="0"/><counter type="COMPLEXITY" missed="1" covered="0"/><counter type="METHOD" missed="1" covered="0"/></method><method name="scanPlugins" desc="(Lorg/owasp/dependencycheck/Engine;Lorg/owasp/dependencycheck/exception/ExceptionCollection;)Lorg/owasp/dependencycheck/exception/ExceptionCollection;" line="119"><counter type="INSTRUCTION" missed="5" covered="0"/><counter type="LINE" missed="1" covered="0"/><counter type="COMPLEXITY" missed="1" covered="0"/><counter type="METHOD" missed="1" covered="0"/></method><counter type="INSTRUCTION" missed="37" covered="0"/><counter type="LINE" missed="11" covered="0"/><counter type="COMPLEXITY" missed="7" covered="0"/><counter type="METHOD" missed="7" covered="0"/><counter type="CLASS" missed="1" covered="0"/></class><class name="org/owasp/dependencycheck/maven/Mshared998Util$M31ArtifactResult" sourcefilename="Mshared998Util.java"><method name="&lt;init&gt;" desc="(Lorg/eclipse/aether/resolution/ArtifactResult;)V" line="75"><counter type="INSTRUCTION" missed="0" covered="6"/><counter type="LINE" missed="0" covered="3"/><counter type="COMPLEXITY" missed="0" covered="1"/><counter type="METHOD" missed="0" covered="1"/></method><method name="getArtifact" desc="()Lorg/apache/maven/artifact/Artifact;" line="81"><counter type="INSTRUCTION" missed="0" covered="5"/><counter type="LINE" missed="0" covered="1"/><counter type="COMPLEXITY" missed="0" covered="1"/><counter type="METHOD" missed="0" covered="1"/></method><counter type="INSTRUCTION" missed="0" covered="11"/><counter type="LINE" missed="0" covered="4"/><counter type="COMPLEXITY" missed="0" covered="2"/><counter type="METHOD" missed="0" covered="2"/><counter type="CLASS" missed="0" covered="1"/></class><class name="org/owasp/dependencycheck/maven/ArtifactTypeExcluded" sourcefilename="ArtifactTypeExcluded.java"><method name="&lt;init&gt;" desc="(Ljava/lang/String;)V" line="42"><counter type="INSTRUCTION" missed="0" covered="6"/><counter type="LINE" missed="0" covered="3"/><counter type="COMPLEXITY" missed="0" covered="1"/><counter type="METHOD" missed="0" covered="1"/></method><method name="passes" desc="(Ljava/lang/String;)Z" line="52"><counter type="INSTRUCTION" missed="0" covered="16"/><counter type="BRANCH" missed="0" covered="6"/><counter type="LINE" missed="0" covered="1"/><counter type="COMPLEXITY" missed="0" covered="4"/><counter type="METHOD" missed="0" covered="1"/></method><counter type="INSTRUCTION" missed="0" covered="22"/><counter type="BRANCH" missed="0" covered="6"/><counter type="LINE" missed="0" covered="4"/><counter type="COMPLEXITY" missed="0" covered="5"/><counter type="METHOD" missed="0" covered="2"/><counter type="CLASS" missed="0" covered="1"/></class><class name="org/owasp/dependencycheck/maven/UpdateMojo" sourcefilename="UpdateMojo.java"><method name="&lt;init&gt;" desc="()V" line="47"><counter type="INSTRUCTION" missed="0" covered="3"/><counter type="LINE" missed="0" covered="1"/><counter type="COMPLEXITY" missed="0" covered="1"/><counter type="METHOD" missed="0" covered="1"/></method><method name="canGenerateReport" desc="()Z" line="56"><counter type="INSTRUCTION" missed="2" covered="0"/><counter type="LINE" missed="1" covered="0"/><counter type="COMPLEXITY" missed="1" covered="0"/><counter type="METHOD" missed="1" covered="0"/></method><method name="runCheck" desc="()V" line="70"><counter type="INSTRUCTION" missed="52" covered="18"/><counter type="BRANCH" missed="7" covered="1"/><counter type="LINE" missed="15" covered="6"/><counter type="COMPLEXITY" missed="4" covered="1"/><counter type="METHOD" missed="0" covered="1"/></method><method name="getName" desc="(Ljava/util/Locale;)Ljava/lang/String;" line="107"><counter type="INSTRUCTION" missed="2" covered="0"/><counter type="LINE" missed="1" covered="0"/><counter type="COMPLEXITY" missed="1" covered="0"/><counter type="METHOD" missed="1" covered="0"/></method><method name="getDescription" desc="(Ljava/util/Locale;)Ljava/lang/String;" line="119"><counter type="INSTRUCTION" missed="2" covered="0"/><counter type="LINE" missed="1" covered="0"/><counter type="COMPLEXITY" missed="1" covered="0"/><counter type="METHOD" missed="1" covered="0"/></method><method name="scanDependencies" desc="(Lorg/owasp/dependencycheck/Engine;)Lorg/owasp/dependencycheck/exception/ExceptionCollection;" line="132"><counter type="INSTRUCTION" missed="5" covered="0"/><counter type="LINE" missed="1" covered="0"/><counter type="COMPLEXITY" missed="1" covered="0"/><counter type="METHOD" missed="1" covered="0"/></method><method name="scanPlugins" desc="(Lorg/owasp/dependencycheck/Engine;Lorg/owasp/dependencycheck/exception/ExceptionCollection;)Lorg/owasp/dependencycheck/exception/ExceptionCollection;" line="146"><counter type="INSTRUCTION" missed="5" covered="0"/><counter type="LINE" missed="1" covered="0"/><counter type="COMPLEXITY" missed="1" covered="0"/><counter type="METHOD" missed="1" covered="0"/></method><counter type="INSTRUCTION" missed="68" covered="21"/><counter type="BRANCH" missed="7" covered="1"/><counter type="LINE" missed="20" covered="7"/><counter type="COMPLEXITY" missed="9" covered="2"/><counter type="METHOD" missed="5" covered="2"/><counter type="CLASS" missed="0" covered="1"/></class><class name="org/owasp/dependencycheck/maven/BaseDependencyCheckMojo" sourcefilename="BaseDependencyCheckMojo.java"><method name="&lt;init&gt;" desc="()V" line="119"><counter type="INSTRUCTION" missed="0" covered="53"/><counter type="LINE" missed="0" covered="17"/><counter type="COMPLEXITY" missed="0" covered="1"/><counter type="METHOD" missed="0" covered="1"/></method><method name="artifactsMatch" desc="(Lorg/apache/maven/model/Dependency;Lorg/apache/maven/artifact/Artifact;)Z" line="1063"><counter type="INSTRUCTION" missed="22" covered="0"/><counter type="BRANCH" missed="6" covered="0"/><counter type="LINE" missed="3" covered="0"/><counter type="COMPLEXITY" missed="4" covered="0"/><counter type="METHOD" missed="1" covered="0"/></method><method name="isEqualOrNull" desc="(Ljava/lang/String;Ljava/lang/String;)Z" line="1078"><counter type="INSTRUCTION" missed="14" covered="0"/><counter type="BRANCH" missed="8" covered="0"/><counter type="LINE" missed="1" covered="0"/><counter type="COMPLEXITY" missed="5" covered="0"/><counter type="METHOD" missed="1" covered="0"/></method><method name="execute" desc="()V" line="1090"><counter type="INSTRUCTION" missed="14" covered="21"/><counter type="BRANCH" missed="1" covered="1"/><counter type="LINE" missed="1" covered="6"/><counter type="COMPLEXITY" missed="1" covered="1"/><counter type="METHOD" missed="0" covered="1"/></method><method name="generate" desc="(Lorg/codehaus/doxia/sink/Sink;Ljava/util/Locale;)V" line="1112"><counter type="INSTRUCTION" missed="0" covered="5"/><counter type="LINE" missed="0" covered="2"/><counter type="COMPLEXITY" missed="0" covered="1"/><counter type="METHOD" missed="0" covered="1"/></method><method name="isGeneratingSite" desc="()Z" line="1121"><counter type="INSTRUCTION" missed="3" covered="0"/><counter type="LINE" missed="1" covered="0"/><counter type="COMPLEXITY" missed="1" covered="0"/><counter type="METHOD" missed="1" covered="0"/></method><method name="getConnectionString" desc="()Ljava/lang/String;" line="1130"><counter type="INSTRUCTION" missed="3" covered="0"/><counter type="LINE" missed="1" covered="0"/><counter type="COMPLEXITY" missed="1" covered="0"/><counter type="METHOD" missed="1" covered="0"/></method><method name="isFailOnError" desc="()Z" line="1139"><counter type="INSTRUCTION" missed="0" covered="3"/><counter type="LINE" missed="0" covered="1"/><counter type="COMPLEXITY" missed="0" covered="1"/><counter type="METHOD" missed="0" covered="1"/></method><method name="generate" desc="(Lorg/apache/maven/doxia/sink/Sink;Ljava/util/Locale;)V" line="1150"><counter type="INSTRUCTION" missed="27" covered="22"/><counter type="BRANCH" missed="1" covered="1"/><counter type="LINE" missed="6" covered="7"/><counter type="COMPLEXITY" missed="1" covered="1"/><counter type="METHOD" missed="0" covered="1"/></method><method name="getCorrectOutputDirectory" desc="()Ljava/io/File;" line="1176"><counter type="INSTRUCTION" missed="5" covered="0"/><counter type="LINE" missed="1" covered="0"/><counter type="COMPLEXITY" missed="1" covered="0"/><counter type="METHOD" missed="1" covered="0"/></method><method name="getCorrectOutputDirectory" desc="(Lorg/apache/maven/project/MavenProject;)Ljava/io/File;" line="1187"><counter type="INSTRUCTION" missed="21" covered="12"/><counter type="BRANCH" missed="6" covered="2"/><counter type="LINE" missed="4" covered="3"/><counter type="COMPLEXITY" missed="4" covered="1"/><counter type="METHOD" missed="0" covered="1"/></method><method name="scanArtifacts" desc="(Lorg/apache/maven/project/MavenProject;Lorg/owasp/dependencycheck/Engine;)Lorg/owasp/dependencycheck/exception/ExceptionCollection;" line="1209"><counter type="INSTRUCTION" missed="0" covered="6"/><counter type="LINE" missed="0" covered="1"/><counter type="COMPLEXITY" missed="0" covered="1"/><counter type="METHOD" missed="0" covered="1"/></method><method name="scanArtifacts" desc="(Lorg/apache/maven/project/MavenProject;Lorg/owasp/dependencycheck/Engine;Z)Lorg/owasp/dependencycheck/exception/ExceptionCollection;" line="1224"><counter type="INSTRUCTION" missed="21" covered="72"/><counter type="LINE" missed="4" covered="10"/><counter type="COMPLEXITY" missed="0" covered="1"/><counter type="METHOD" missed="0" covered="1"/></method><method name="scanPlugins" desc="(Lorg/apache/maven/project/MavenProject;Lorg/owasp/dependencycheck/Engine;Lorg/owasp/dependencycheck/exception/ExceptionCollection;)Lorg/owasp/dependencycheck/exception/ExceptionCollection;" line="1264"><counter type="INSTRUCTION" missed="139" covered="0"/><counter type="BRANCH" missed="4" covered="0"/><counter type="LINE" missed="29" covered="0"/><counter type="COMPLEXITY" missed="3" covered="0"/><counter type="METHOD" missed="1" covered="0"/></method><method name="addPluginToDependencies" desc="(Lorg/apache/maven/project/MavenProject;Lorg/owasp/dependencycheck/Engine;Lorg/apache/maven/artifact/Artifact;Ljava/lang/String;Lorg/owasp/dependencycheck/exception/ExceptionCollection;)Lorg/owasp/dependencycheck/exception/ExceptionCollection;" line="1305"><counter type="INSTRUCTION" missed="175" covered="0"/><counter type="BRANCH" missed="26" covered="0"/><counter type="LINE" missed="42" covered="0"/><counter type="COMPLEXITY" missed="14" covered="0"/><counter type="METHOD" missed="1" covered="0"/></method><method name="buildReference" desc="(Ljava/lang/String;Ljava/lang/String;Ljava/lang/String;)Ljava/lang/String;" line="1366"><counter type="INSTRUCTION" missed="36" covered="16"/><counter type="LINE" missed="3" covered="4"/><counter type="COMPLEXITY" missed="0" covered="1"/><counter type="METHOD" missed="0" covered="1"/></method><method name="resolveArtifactDependencies" desc="(Lorg/apache/maven/shared/transfer/dependencies/DependableCoordinate;Lorg/apache/maven/project/MavenProject;)Ljava/util/Set;" line="1378"><counter type="INSTRUCTION" missed="35" covered="0"/><counter type="BRANCH" missed="2" covered="0"/><counter type="LINE" missed="7" covered="0"/><counter type="COMPLEXITY" missed="2" covered="0"/><counter type="METHOD" missed="1" covered="0"/></method><method name="toDependencyNode" desc="(Ljava/util/List;Lorg/apache/maven/project/ProjectBuildingRequest;Lorg/apache/maven/shared/dependency/graph/DependencyNode;Lorg/apache/maven/model/Dependency;)Lorg/apache/maven/shared/dependency/graph/DependencyNode;" line="1406"><counter type="INSTRUCTION" missed="43" covered="112"/><counter type="BRANCH" missed="8" covered="12"/><counter type="LINE" missed="8" covered="26"/><counter type="COMPLEXITY" missed="7" covered="4"/><counter type="METHOD" missed="0" covered="1"/></method><method name="findVersion" desc="(Ljava/util/List;Ljava/lang/String;Ljava/lang/String;)Ljava/lang/String;" line="1466"><counter type="INSTRUCTION" missed="6" covered="13"/><counter type="BRANCH" missed="1" covered="1"/><counter type="LINE" missed="1" covered="4"/><counter type="COMPLEXITY" missed="1" covered="1"/><counter type="METHOD" missed="0" covered="1"/></method><method name="collectDependencyManagementDependencies" desc="(Lorg/owasp/dependencycheck/Engine;Lorg/apache/maven/project/ProjectBuildingRequest;Lorg/apache/maven/project/MavenProject;Ljava/util/List;Z)Lorg/owasp/dependencycheck/exception/ExceptionCollection;" line="1488"><counter type="INSTRUCTION" missed="10" covered="79"/><counter type="BRANCH" missed="6" covered="8"/><counter type="LINE" missed="3" covered="17"/><counter type="COMPLEXITY" missed="5" covered="3"/><counter type="METHOD" missed="0" covered="1"/></method><method name="collectMavenDependencies" desc="(Lorg/owasp/dependencycheck/Engine;Lorg/apache/maven/project/MavenProject;Ljava/util/Map;Lorg/apache/maven/project/ProjectBuildingRequest;Z)Lorg/owasp/dependencycheck/exception/ExceptionCollection;" line="1537"><counter type="INSTRUCTION" missed="0" covered="91"/><counter type="BRANCH" missed="0" covered="6"/><counter type="LINE" missed="0" covered="13"/><counter type="COMPLEXITY" missed="0" covered="4"/><counter type="METHOD" missed="0" covered="1"/></method><method name="findInAllDeps" desc="(Ljava/util/List;Lorg/apache/maven/artifact/Artifact;Lorg/apache/maven/project/MavenProject;)Lorg/apache/maven/artifact/Artifact;" line="1571"><counter type="INSTRUCTION" missed="0" covered="43"/><counter type="BRANCH" missed="0" covered="6"/><counter type="LINE" missed="0" covered="10"/><counter type="COMPLEXITY" missed="0" covered="4"/><counter type="METHOD" missed="0" covered="1"/></method><method name="sameArtifact" desc="(Lorg/apache/maven/shared/transfer/artifact/resolve/ArtifactResult;Lorg/apache/maven/artifact/Artifact;)Z" line="1595"><counter type="INSTRUCTION" missed="0" covered="75"/><counter type="BRANCH" missed="2" covered="10"/><counter type="LINE" missed="0" covered="11"/><counter type="COMPLEXITY" missed="2" covered="5"/><counter type="METHOD" missed="0" covered="1"/></method><method name="createProjectReferenceName" desc="(Lorg/apache/maven/project/MavenProject;Lorg/apache/maven/shared/dependency/graph/DependencyNode;)Ljava/lang/String;" line="1621"><counter type="INSTRUCTION" missed="0" covered="14"/><counter type="LINE" missed="0" covered="1"/><counter type="COMPLEXITY" missed="0" covered="1"/><counter type="METHOD" missed="0" covered="1"/></method><method name="collectDependencies" desc="(Lorg/owasp/dependencycheck/Engine;Lorg/apache/maven/project/MavenProject;Ljava/util/Map;Lorg/apache/maven/project/ProjectBuildingRequest;Z)Lorg/owasp/dependencycheck/exception/ExceptionCollection;" line="1641"><counter type="INSTRUCTION" missed="45" covered="278"/><counter type="BRANCH" missed="12" covered="14"/><counter type="LINE" missed="14" covered="58"/><counter type="COMPLEXITY" missed="9" covered="5"/><counter type="METHOD" missed="0" covered="1"/></method><method name="addReactorDependency" desc="(Lorg/owasp/dependencycheck/Engine;Lorg/apache/maven/artifact/Artifact;Lorg/apache/maven/project/MavenProject;)Z" line="1753"><counter type="INSTRUCTION" missed="0" covered="7"/><counter type="LINE" missed="0" covered="1"/><counter type="COMPLEXITY" missed="0" covered="1"/><counter type="METHOD" missed="0" covered="1"/></method><method name="addVirtualDependencyFromReactor" desc="(Lorg/owasp/dependencycheck/Engine;Lorg/apache/maven/artifact/Artifact;Lorg/apache/maven/project/MavenProject;Ljava/lang/String;)Z" line="1774"><counter type="INSTRUCTION" missed="89" covered="274"/><counter type="BRANCH" missed="13" covered="7"/><counter type="LINE" missed="15" covered="43"/><counter type="COMPLEXITY" missed="9" covered="2"/><counter type="METHOD" missed="0" covered="1"/></method><method name="newDependency" desc="(Lorg/apache/maven/project/MavenProject;)Lorg/owasp/dependencycheck/dependency/Dependency;" line="1849"><counter type="INSTRUCTION" missed="0" covered="40"/><counter type="BRANCH" missed="0" covered="4"/><counter type="LINE" missed="0" covered="8"/><counter type="COMPLEXITY" missed="0" covered="3"/><counter type="METHOD" missed="0" covered="1"/></method><method name="addSnapshotReactorDependency" desc="(Lorg/owasp/dependencycheck/Engine;Lorg/apache/maven/artifact/Artifact;Lorg/apache/maven/project/MavenProject;)Z" line="1874"><counter type="INSTRUCTION" missed="2" covered="10"/><counter type="BRANCH" missed="1" covered="1"/><counter type="LINE" missed="1" covered="2"/><counter type="COMPLEXITY" missed="1" covered="1"/><counter type="METHOD" missed="0" covered="1"/></method><method name="newResolveArtifactProjectBuildingRequest" desc="(Lorg/apache/maven/project/MavenProject;Ljava/util/List;)Lorg/apache/maven/project/ProjectBuildingRequest;" line="1889"><counter type="INSTRUCTION" missed="0" covered="16"/><counter type="LINE" missed="0" covered="4"/><counter type="COMPLEXITY" missed="0" covered="1"/><counter type="METHOD" missed="0" covered="1"/></method><method name="runCheck" desc="()V" line="1904"><counter type="INSTRUCTION" missed="65" covered="94"/><counter type="BRANCH" missed="13" covered="11"/><counter type="LINE" missed="16" covered="24"/><counter type="COMPLEXITY" missed="9" covered="4"/><counter type="METHOD" missed="0" covered="1"/></method><method name="handleAnalysisExceptions" desc="(Lorg/owasp/dependencycheck/exception/ExceptionCollection;Lorg/owasp/dependencycheck/exception/ExceptionCollection;)Lorg/owasp/dependencycheck/exception/ExceptionCollection;" line="1974"><counter type="INSTRUCTION" missed="50" covered="27"/><counter type="BRANCH" missed="9" covered="3"/><counter type="LINE" missed="11" covered="7"/><counter type="COMPLEXITY" missed="6" covered="1"/><counter type="METHOD" missed="0" covered="1"/></method><method name="getReportOutputDirectory" desc="()Ljava/io/File;" line="2028"><counter type="INSTRUCTION" missed="0" covered="3"/><counter type="LINE" missed="0" covered="1"/><counter type="COMPLEXITY" missed="0" covered="1"/><counter type="METHOD" missed="0" covered="1"/></method><method name="setReportOutputDirectory" desc="(Ljava/io/File;)V" line="2038"><counter type="INSTRUCTION" missed="0" covered="4"/><counter type="LINE" missed="0" covered="2"/><counter type="COMPLEXITY" missed="0" covered="1"/><counter type="METHOD" missed="0" covered="1"/></method><method name="getOutputDirectory" desc="()Ljava/io/File;" line="2047"><counter type="INSTRUCTION" missed="3" covered="0"/><counter type="LINE" missed="1" covered="0"/><counter type="COMPLEXITY" missed="1" covered="0"/><counter type="METHOD" missed="1" covered="0"/></method><method name="isExternalReport" desc="()Z" line="2058"><counter type="INSTRUCTION" missed="0" covered="2"/><counter type="LINE" missed="0" covered="1"/><counter type="COMPLEXITY" missed="0" covered="1"/><counter type="METHOD" missed="0" covered="1"/></method><method name="getOutputName" desc="()Ljava/lang/String;" line="2068"><counter type="INSTRUCTION" missed="50" covered="9"/><counter type="BRANCH" missed="17" covered="1"/><counter type="LINE" missed="14" covered="3"/><counter type="COMPLEXITY" missed="9" covered="1"/><counter type="METHOD" missed="0" covered="1"/></method><method name="getCategoryName" desc="()Ljava/lang/String;" line="2096"><counter type="INSTRUCTION" missed="0" covered="2"/><counter type="LINE" missed="0" covered="1"/><counter type="COMPLEXITY" missed="0" covered="1"/><counter type="METHOD" missed="0" covered="1"/></method><method name="initializeEngine" desc="()Lorg/owasp/dependencycheck/Engine;" line="2109"><counter type="INSTRUCTION" missed="0" covered="8"/><counter type="LINE" missed="0" covered="2"/><counter type="COMPLEXITY" missed="0" covered="1"/><counter type="METHOD" missed="0" covered="1"/></method><method name="populateSettings" desc="()V" line="2119"><counter type="INSTRUCTION" missed="181" covered="714"/><counter type="BRANCH" missed="38" covered="22"/><counter type="LINE" missed="38" covered="125"/><counter type="COMPLEXITY" missed="28" covered="3"/><counter type="METHOD" missed="0" covered="1"/></method><method name="configureServerCredentials" desc="(Ljava/lang/String;Ljava/lang/String;Ljava/lang/String;)V" line="2334"><counter type="INSTRUCTION" missed="49" covered="3"/><counter type="BRANCH" missed="3" covered="1"/><counter type="LINE" missed="12" covered="2"/><counter type="COMPLEXITY" missed="2" covered="1"/><counter type="METHOD" missed="0" covered="1"/></method><method name="decryptPasswordFromSettings" desc="(Ljava/lang/String;)Ljava/lang/String;" line="2369"><counter type="INSTRUCTION" missed="14" covered="0"/><counter type="BRANCH" missed="2" covered="0"/><counter type="LINE" missed="3" covered="0"/><counter type="COMPLEXITY" missed="2" covered="0"/><counter type="METHOD" missed="1" covered="0"/></method><method name="handleSecDispatcherException" desc="(Ljava/lang/String;Ljava/lang/String;Ljava/lang/String;Lorg/sonatype/plexus/components/sec/dispatcher/SecDispatcherException;)Ljava/lang/String;" line="2391"><counter type="INSTRUCTION" missed="78" covered="0"/><counter type="BRANCH" missed="10" covered="0"/><counter type="LINE" missed="12" covered="0"/><counter type="COMPLEXITY" missed="6" covered="0"/><counter type="METHOD" missed="1" covered="0"/></method><method name="determineSuppressions" desc="()[Ljava/lang/String;" line="2418"><counter type="INSTRUCTION" missed="9" covered="26"/><counter type="BRANCH" missed="1" covered="3"/><counter type="LINE" missed="1" covered="6"/><counter type="COMPLEXITY" missed="1" covered="2"/><counter type="METHOD" missed="0" covered="1"/></method><method name="muteJCS" desc="()V" line="2435"><counter type="INSTRUCTION" missed="14" covered="86"/><counter type="BRANCH" missed="0" covered="2"/><counter type="LINE" missed="2" covered="8"/><counter type="COMPLEXITY" missed="0" covered="2"/><counter type="METHOD" missed="0" covered="1"/></method><method name="getMavenProxy" desc="()Lorg/apache/maven/settings/Proxy;" line="2467"><counter type="INSTRUCTION" missed="39" covered="14"/><counter type="BRANCH" missed="13" covered="3"/><counter type="LINE" missed="9" covered="4"/><counter type="COMPLEXITY" missed="8" covered="1"/><counter type="METHOD" missed="0" covered="1"/></method><method name="getProject" desc="()Lorg/apache/maven/project/MavenProject;" line="2499"><counter type="INSTRUCTION" missed="0" covered="3"/><counter type="LINE" missed="0" covered="1"/><counter type="COMPLEXITY" missed="0" covered="1"/><counter type="METHOD" missed="0" covered="1"/></method><method name="getReactorProjects" desc="()Ljava/util/List;" line="2508"><counter type="INSTRUCTION" missed="0" covered="3"/><counter type="LINE" missed="0" covered="1"/><counter type="COMPLEXITY" missed="0" covered="1"/><counter type="METHOD" missed="0" covered="1"/></method><method name="getFormats" desc="()Ljava/util/Set;" line="2517"><counter type="INSTRUCTION" missed="10" covered="41"/><counter type="BRANCH" missed="5" covered="5"/><counter type="LINE" missed="1" covered="8"/><counter type="COMPLEXITY" missed="5" covered="1"/><counter type="METHOD" missed="0" covered="1"/></method><method name="getExcludes" desc="()Ljava/util/List;" line="2543"><counter type="INSTRUCTION" missed="5" covered="6"/><counter type="BRANCH" missed="1" covered="1"/><counter type="LINE" missed="1" covered="2"/><counter type="COMPLEXITY" missed="1" covered="1"/><counter type="METHOD" missed="0" covered="1"/></method><method name="getArtifactScopeExcluded" desc="()Lorg/owasp/dependencycheck/utils/Filter;" line="2555"><counter type="INSTRUCTION" missed="0" covered="3"/><counter type="LINE" missed="0" covered="1"/><counter type="COMPLEXITY" missed="0" covered="1"/><counter type="METHOD" missed="0" covered="1"/></method><method name="getSettings" desc="()Lorg/owasp/dependencycheck/utils/Settings;" line="2564"><counter type="INSTRUCTION" missed="0" covered="3"/><counter type="LINE" missed="0" covered="1"/><counter type="COMPLEXITY" missed="0" covered="1"/><counter type="METHOD" missed="0" covered="1"/></method><method name="checkForFailure" desc="([Lorg/owasp/dependencycheck/dependency/Dependency;)V" line="2577"><counter type="INSTRUCTION" missed="127" covered="83"/><counter type="BRANCH" missed="20" covered="14"/><counter type="LINE" missed="19" covered="11"/><counter type="COMPLEXITY" missed="14" covered="4"/><counter type="METHOD" missed="0" covered="1"/></method><method name="showSummary" desc="(Lorg/apache/maven/project/MavenProject;[Lorg/owasp/dependencycheck/dependency/Dependency;)V" line="2634"><counter type="INSTRUCTION" missed="0" covered="8"/><counter type="BRANCH" missed="1" covered="1"/><counter type="LINE" missed="0" covered="3"/><counter type="COMPLEXITY" missed="1" covered="1"/><counter type="METHOD" missed="0" covered="1"/></method><method name="getDefaultCveUrlModified" desc="()Ljava/lang/String;" line="2640"><counter type="INSTRUCTION" missed="0" covered="7"/><counter type="LINE" missed="0" covered="2"/><counter type="COMPLEXITY" missed="0" covered="1"/><counter type="METHOD" missed="0" covered="1"/></method><method name="scanDependencyNode" desc="(Lorg/apache/maven/shared/dependency/graph/DependencyNode;Lorg/apache/maven/shared/dependency/graph/DependencyNode;Lorg/owasp/dependencycheck/Engine;Lorg/apache/maven/project/MavenProject;Ljava/util/List;Lorg/apache/maven/project/ProjectBuildingRequest;ZLorg/owasp/dependencycheck/exception/ExceptionCollection;)Lorg/owasp/dependencycheck/exception/ExceptionCollection;" line="2649"><counter type="INSTRUCTION" missed="222" covered="208"/><counter type="BRANCH" missed="35" covered="23"/><counter type="LINE" missed="44" covered="56"/><counter type="COMPLEXITY" missed="23" covered="7"/><counter type="METHOD" missed="0" covered="1"/></method><method name="processResolvedArtifact" desc="(Ljava/io/File;Ljava/util/List;Ljava/lang/String;Ljava/lang/String;Ljava/lang/String;Lorg/apache/maven/shared/dependency/graph/DependencyNode;Lorg/apache/maven/project/MavenProject;Ljava/util/List;Lorg/apache/maven/shared/dependency/graph/DependencyNode;)V" line="2787"><counter type="INSTRUCTION" missed="84" covered="82"/><counter type="BRANCH" missed="17" covered="5"/><counter type="LINE" missed="15" covered="20"/><counter type="COMPLEXITY" missed="10" covered="2"/><counter type="METHOD" missed="0" covered="1"/></method><method name="processPomArtifact" desc="(Ljava/io/File;Lorg/apache/maven/shared/dependency/graph/DependencyNode;Lorg/apache/maven/project/MavenProject;Lorg/owasp/dependencycheck/Engine;Lorg/owasp/dependencycheck/exception/ExceptionCollection;)Lorg/owasp/dependencycheck/exception/ExceptionCollection;" line="2834"><counter type="INSTRUCTION" missed="77" covered="0"/><counter type="BRANCH" missed="4" covered="0"/><counter type="LINE" missed="21" covered="0"/><counter type="COMPLEXITY" missed="3" covered="0"/><counter type="METHOD" missed="1" covered="0"/></method><method name="lambda$getFormats$4" desc="(Ljava/lang/String;)V" line="2526"><counter type="INSTRUCTION" missed="12" covered="0"/><counter type="LINE" missed="1" covered="0"/><counter type="COMPLEXITY" missed="1" covered="0"/><counter type="METHOD" missed="1" covered="0"/></method><method name="lambda$getFormats$3" desc="(Ljava/util/Set;Ljava/lang/String;)V" line="2521"><counter type="INSTRUCTION" missed="11" covered="0"/><counter type="LINE" missed="5" covered="0"/><counter type="COMPLEXITY" missed="1" covered="0"/><counter type="METHOD" missed="1" covered="0"/></method><method name="lambda$populateSettings$2" desc="(Ljava/lang/String;)Z" line="2293"><counter type="INSTRUCTION" missed="0" covered="7"/><counter type="BRANCH" missed="0" covered="2"/><counter type="LINE" missed="0" covered="1"/><counter type="COMPLEXITY" missed="0" covered="2"/><counter type="METHOD" missed="0" covered="1"/></method><method name="lambda$collectDependencies$1" desc="(Ljava/lang/String;)V" line="1650"><counter type="INSTRUCTION" missed="16" covered="0"/><counter type="LINE" missed="5" covered="0"/><counter type="COMPLEXITY" missed="1" covered="0"/><counter type="METHOD" missed="1" covered="0"/></method><method name="lambda$findVersion$0" desc="(Ljava/lang/String;Ljava/lang/String;Lorg/apache/maven/shared/dependency/graph/DependencyNode;)Z" line="1467"><counter type="INSTRUCTION" missed="16" covered="0"/><counter type="BRANCH" missed="4" covered="0"/><counter type="LINE" missed="2" covered="0"/><counter type="COMPLEXITY" missed="3" covered="0"/><counter type="METHOD" missed="1" covered="0"/></method><method name="&lt;clinit&gt;" desc="()V" line="129"><counter type="INSTRUCTION" missed="0" covered="6"/><counter type="LINE" missed="0" covered="1"/><counter type="COMPLEXITY" missed="0" covered="1"/><counter type="METHOD" missed="0" covered="1"/></method><counter type="INSTRUCTION" missed="1842" covered="2714"/><counter type="BRANCH" missed="290" covered="170"/><counter type="LINE" missed="376" covered="542"/><counter type="COMPLEXITY" missed="206" covered="88"/><counter type="METHOD" missed="16" covered="48"/><counter type="CLASS" missed="0" covered="1"/></class><class name="org/owasp/dependencycheck/maven/CheckMojo" sourcefilename="CheckMojo.java"><method name="&lt;init&gt;" desc="()V" line="43"><counter type="INSTRUCTION" missed="0" covered="6"/><counter type="LINE" missed="0" covered="2"/><counter type="COMPLEXITY" missed="0" covered="1"/><counter type="METHOD" missed="0" covered="1"/></method><method name="canGenerateReport" desc="()Z" line="60"><counter type="INSTRUCTION" missed="1" covered="27"/><counter type="BRANCH" missed="2" covered="2"/><counter type="LINE" missed="1" covered="7"/><counter type="COMPLEXITY" missed="2" covered="1"/><counter type="METHOD" missed="0" covered="1"/></method><method name="getName" desc="(Ljava/util/Locale;)Ljava/lang/String;" line="79"><counter type="INSTRUCTION" missed="0" covered="3"/><counter type="LINE" missed="0" covered="1"/><counter type="COMPLEXITY" missed="0" covered="1"/><counter type="METHOD" missed="0" covered="1"/></method><method name="getDescription" desc="(Ljava/util/Locale;)Ljava/lang/String;" line="91"><counter type="INSTRUCTION" missed="0" covered="2"/><counter type="LINE" missed="0" covered="1"/><counter type="COMPLEXITY" missed="0" covered="1"/><counter type="METHOD" missed="0" covered="1"/></method><method name="scanDependencies" desc="(Lorg/owasp/dependencycheck/Engine;)Lorg/owasp/dependencycheck/exception/ExceptionCollection;" line="104"><counter type="INSTRUCTION" missed="0" covered="6"/><counter type="LINE" missed="0" covered="1"/><counter type="COMPLEXITY" missed="0" covered="1"/><counter type="METHOD" missed="0" covered="1"/></method><method name="scanPlugins" desc="(Lorg/owasp/dependencycheck/Engine;Lorg/owasp/dependencycheck/exception/ExceptionCollection;)Lorg/owasp/dependencycheck/exception/ExceptionCollection;" line="118"><counter type="INSTRUCTION" missed="9" covered="0"/><counter type="LINE" missed="2" covered="0"/><counter type="COMPLEXITY" missed="1" covered="0"/><counter type="METHOD" missed="1" covered="0"/></method><counter type="INSTRUCTION" missed="10" covered="44"/><counter type="BRANCH" missed="2" covered="2"/><counter type="LINE" missed="3" covered="12"/><counter type="COMPLEXITY" missed="3" covered="5"/><counter type="METHOD" missed="1" covered="5"/><counter type="CLASS" missed="0" covered="1"/></class><class name="org/owasp/dependencycheck/maven/AggregateMojo" sourcefilename="AggregateMojo.java"><method name="&lt;init&gt;" desc="()V" line="54"><counter type="INSTRUCTION" missed="0" covered="6"/><counter type="LINE" missed="0" covered="2"/><counter type="COMPLEXITY" missed="0" covered="1"/><counter type="METHOD" missed="0" covered="1"/></method><method name="scanDependencies" desc="(Lorg/owasp/dependencycheck/Engine;)Lorg/owasp/dependencycheck/exception/ExceptionCollection;" line="72"><counter type="INSTRUCTION" missed="48" covered="31"/><counter type="BRANCH" missed="9" covered="3"/><counter type="LINE" missed="11" covered="6"/><counter type="COMPLEXITY" missed="5" covered="2"/><counter type="METHOD" missed="0" covered="1"/></method><method name="scanPlugins" desc="(Lorg/owasp/dependencycheck/Engine;Lorg/owasp/dependencycheck/exception/ExceptionCollection;)Lorg/owasp/dependencycheck/exception/ExceptionCollection;" line="110"><counter type="INSTRUCTION" missed="29" covered="0"/><counter type="BRANCH" missed="2" covered="0"/><counter type="LINE" missed="5" covered="0"/><counter type="COMPLEXITY" missed="2" covered="0"/><counter type="METHOD" missed="1" covered="0"/></method><method name="getDescendants" desc="(Lorg/apache/maven/project/MavenProject;)Ljava/util/Set;" line="125"><counter type="INSTRUCTION" missed="54" covered="263"/><counter type="BRANCH" missed="19" covered="47"/><counter type="LINE" missed="9" covered="47"/><counter type="COMPLEXITY" missed="15" covered="19"/><counter type="METHOD" missed="0" covered="1"/></method><method name="isConfiguredToSkip" desc="(Lorg/apache/maven/project/MavenProject;)Z" line="214"><counter type="INSTRUCTION" missed="20" covered="37"/><counter type="BRANCH" missed="5" covered="3"/><counter type="LINE" missed="1" covered="13"/><counter type="COMPLEXITY" missed="4" covered="1"/><counter type="METHOD" missed="0" covered="1"/></method><method name="isMultiModule" desc="(Lorg/apache/maven/project/MavenProject;)Z" line="241"><counter type="INSTRUCTION" missed="5" covered="0"/><counter type="LINE" missed="1" covered="0"/><counter type="COMPLEXITY" missed="1" covered="0"/><counter type="METHOD" missed="1" covered="0"/></method><method name="canGenerateReport" desc="()Z" line="246"><counter type="INSTRUCTION" missed="2" covered="0"/><counter type="LINE" missed="1" covered="0"/><counter type="COMPLEXITY" missed="1" covered="0"/><counter type="METHOD" missed="1" covered="0"/></method><method name="getName" desc="(Ljava/util/Locale;)Ljava/lang/String;" line="257"><counter type="INSTRUCTION" missed="3" covered="0"/><counter type="LINE" missed="1" covered="0"/><counter type="COMPLEXITY" missed="1" covered="0"/><counter type="METHOD" missed="1" covered="0"/></method><method name="getDescription" desc="(Ljava/util/Locale;)Ljava/lang/String;" line="269"><counter type="INSTRUCTION" missed="2" covered="0"/><counter type="LINE" missed="1" covered="0"/><counter type="COMPLEXITY" missed="1" covered="0"/><counter type="METHOD" missed="1" covered="0"/></method><method name="lambda$isConfiguredToSkip$3" desc="(Lorg/codehaus/plexus/util/xml/Xpp3Dom;)Lorg/codehaus/plexus/util/xml/Xpp3Dom;" line="219"><counter type="INSTRUCTION" missed="0" covered="4"/><counter type="LINE" missed="0" covered="1"/><counter type="COMPLEXITY" missed="0" covered="1"/><counter type="METHOD" missed="0" covered="1"/></method><method name="lambda$isConfiguredToSkip$2" desc="(Ljava/lang/Object;)Lorg/codehaus/plexus/util/xml/Xpp3Dom;" line="218"><counter type="INSTRUCTION" missed="0" covered="3"/><counter type="LINE" missed="0" covered="1"/><counter type="COMPLEXITY" missed="0" covered="1"/><counter type="METHOD" missed="0" covered="1"/></method><method name="lambda$isConfiguredToSkip$1" desc="(Ljava/lang/Object;)Z" line="217"><counter type="INSTRUCTION" missed="0" covered="9"/><counter type="BRANCH" missed="1" covered="3"/><counter type="LINE" missed="0" covered="1"/><counter type="COMPLEXITY" missed="1" covered="2"/><counter type="METHOD" missed="0" covered="1"/></method><method name="lambda$isConfiguredToSkip$0" desc="(Lorg/apache/maven/model/Plugin;)Z" line="215"><counter type="INSTRUCTION" missed="0" covered="5"/><counter type="LINE" missed="0" covered="1"/><counter type="COMPLEXITY" missed="0" covered="1"/><counter type="METHOD" missed="0" covered="1"/></method><counter type="INSTRUCTION" missed="163" covered="358"/><counter type="BRANCH" missed="36" covered="56"/><counter type="LINE" missed="30" covered="68"/><counter type="COMPLEXITY" missed="31" covered="28"/><counter type="METHOD" missed="5" covered="8"/><counter type="CLASS" missed="0" covered="1"/></class><class name="org/owasp/dependencycheck/maven/Mshared998Util" sourcefilename="Mshared998Util.java"><method name="getResolutionResults" desc="(Lorg/eclipse/aether/resolution/DependencyResolutionException;)Ljava/util/List;" line="45"><counter type="INSTRUCTION" missed="0" covered="30"/><counter type="BRANCH" missed="1" covered="3"/><counter type="LINE" missed="0" covered="7"/><counter type="COMPLEXITY" missed="1" covered="2"/><counter type="METHOD" missed="0" covered="1"/></method><counter type="INSTRUCTION" missed="0" covered="30"/><counter type="BRANCH" missed="1" covered="3"/><counter type="LINE" missed="0" covered="7"/><counter type="COMPLEXITY" missed="1" covered="2"/><counter type="METHOD" missed="0" covered="1"/><counter type="CLASS" missed="0" covered="1"/></class><class name="org/owasp/dependencycheck/maven/CollectingRootDependencyGraphVisitor" sourcefilename="CollectingRootDependencyGraphVisitor.java"><method name="&lt;init&gt;" desc="()V" line="32"><counter type="INSTRUCTION" missed="0" covered="11"/><counter type="LINE" missed="0" covered="3"/><counter type="COMPLEXITY" missed="0" covered="1"/><counter type="METHOD" missed="0" covered="1"/></method><method name="visit" desc="(Lorg/apache/maven/shared/dependency/graph/DependencyNode;)Z" line="49"><counter type="INSTRUCTION" missed="0" covered="39"/><counter type="BRANCH" missed="1" covered="3"/><counter type="LINE" missed="0" covered="7"/><counter type="COMPLEXITY" missed="1" covered="2"/><counter type="METHOD" missed="0" covered="1"/></method><method name="endVisit" desc="(Lorg/apache/maven/shared/dependency/graph/DependencyNode;)Z" line="64"><counter type="INSTRUCTION" missed="0" covered="8"/><counter type="LINE" missed="0" covered="2"/><counter type="COMPLEXITY" missed="0" covered="1"/><counter type="METHOD" missed="0" covered="1"/></method><method name="getNodes" desc="()Ljava/util/Map;" line="69"><counter type="INSTRUCTION" missed="0" covered="4"/><counter type="LINE" missed="0" covered="1"/><counter type="COMPLEXITY" missed="0" covered="1"/><counter type="METHOD" missed="0" covered="1"/></method><counter type="INSTRUCTION" missed="0" covered="62"/><counter type="BRANCH" missed="1" covered="3"/><counter type="LINE" missed="0" covered="13"/><counter type="COMPLEXITY" missed="1" covered="5"/><counter type="METHOD" missed="0" covered="4"/><counter type="CLASS" missed="0" covered="1"/></class><class name="org/owasp/dependencycheck/maven/FilteringDependencyTransitiveNodeVisitor" sourcefilename="FilteringDependencyTransitiveNodeVisitor.java"><method name="&lt;init&gt;" desc="(Lorg/apache/maven/shared/dependency/graph/traversal/DependencyNodeVisitor;Lorg/apache/maven/shared/dependency/graph/filter/DependencyNodeFilter;)V" line="50"><counter type="INSTRUCTION" missed="0" covered="9"/><counter type="LINE" missed="0" covered="4"/><counter type="COMPLEXITY" missed="0" covered="1"/><counter type="METHOD" missed="0" covered="1"/></method><method name="visit" desc="(Lorg/apache/maven/shared/dependency/graph/DependencyNode;)Z" line="62"><counter type="INSTRUCTION" missed="2" covered="13"/><counter type="BRANCH" missed="1" covered="1"/><counter type="LINE" missed="1" covered="3"/><counter type="COMPLEXITY" missed="1" covered="1"/><counter type="METHOD" missed="0" covered="1"/></method><method name="endVisit" desc="(Lorg/apache/maven/shared/dependency/graph/DependencyNode;)Z" line="78"><counter type="INSTRUCTION" missed="2" covered="13"/><counter type="BRANCH" missed="1" covered="1"/><counter type="LINE" missed="1" covered="3"/><counter type="COMPLEXITY" missed="1" covered="1"/><counter type="METHOD" missed="0" covered="1"/></method><method name="getDependencyNodeVisitor" desc="()Lorg/apache/maven/shared/dependency/graph/traversal/DependencyNodeVisitor;" line="93"><counter type="INSTRUCTION" missed="3" covered="0"/><counter type="LINE" missed="1" covered="0"/><counter type="COMPLEXITY" missed="1" covered="0"/><counter type="METHOD" missed="1" covered="0"/></method><method name="getDependencyNodeFilter" desc="()Lorg/apache/maven/shared/dependency/graph/filter/DependencyNodeFilter;" line="103"><counter type="INSTRUCTION" missed="3" covered="0"/><counter type="LINE" missed="1" covered="0"/><counter type="COMPLEXITY" missed="1" covered="0"/><counter type="METHOD" missed="1" covered="0"/></method><counter type="INSTRUCTION" missed="10" covered="35"/><counter type="BRANCH" missed="2" covered="2"/><counter type="LINE" missed="4" covered="10"/><counter type="COMPLEXITY" missed="4" covered="3"/><counter type="METHOD" missed="2" covered="3"/><counter type="CLASS" missed="0" covered="1"/></class><class name="org/owasp/dependencycheck/maven/Retirejs" sourcefilename="Retirejs.java"><method name="&lt;init&gt;" desc="()V" line="27"><counter type="INSTRUCTION" missed="0" covered="3"/><counter type="LINE" missed="0" covered="1"/><counter type="COMPLEXITY" missed="0" covered="1"/><counter type="METHOD" missed="0" covered="1"/></method><method name="getFilters" desc="()[Ljava/lang/String;" line="47"><counter type="INSTRUCTION" missed="0" covered="3"/><counter type="LINE" missed="0" covered="1"/><counter type="COMPLEXITY" missed="0" covered="1"/><counter type="METHOD" missed="0" covered="1"/></method><method name="getFilterNonVulnerable" desc="()Ljava/lang/Boolean;" line="60"><counter type="INSTRUCTION" missed="0" covered="3"/><counter type="LINE" missed="0" covered="1"/><counter type="COMPLEXITY" missed="0" covered="1"/><counter type="METHOD" missed="0" covered="1"/></method><counter type="INSTRUCTION" missed="0" covered="9"/><counter type="LINE" missed="0" covered="3"/><counter type="COMPLEXITY" missed="0" covered="3"/><counter type="METHOD" missed="0" covered="3"/><counter type="CLASS" missed="0" covered="1"/></class><sourcefile name="BaseDependencyCheckMojo.java"><line nr="119" mi="0" ci="2" mb="0" cb="0"/><line nr="129" mi="0" ci="6" mb="0" cb="0"/><line nr="137" mi="0" ci="3" mb="0" cb="0"/><line nr="141" mi="0" ci="3" mb="0" cb="0"/><line nr="145" mi="0" ci="5" mb="0" cb="0"/><line nr="217" mi="0" ci="3" mb="0" cb="0"/><line nr="225" mi="0" ci="3" mb="0" cb="0"/><line nr="234" mi="0" ci="3" mb="0" cb="0"/><line nr="300" mi="0" ci="3" mb="0" cb="0"/><line nr="395" mi="0" ci="3" mb="0" cb="0"/><line nr="850" mi="0" ci="3" mb="0" cb="0"/><line nr="856" mi="0" ci="3" mb="0" cb="0"/><line nr="862" mi="0" ci="3" mb="0" cb="0"/><line nr="868" mi="0" ci="3" mb="0" cb="0"/><line nr="875" mi="0" ci="3" mb="0" cb="0"/><line nr="882" mi="0" ci="3" mb="0" cb="0"/><line nr="1042" mi="0" ci="3" mb="0" cb="0"/><line nr="1048" mi="0" ci="4" mb="0" cb="0"/><line nr="1063" mi="8" ci="0" mb="2" cb="0"/><line nr="1064" mi="6" ci="0" mb="2" cb="0"/><line nr="1065" mi="8" ci="0" mb="2" cb="0"/><line nr="1078" mi="14" ci="0" mb="8" cb="0"/><line nr="1090" mi="0" ci="3" mb="0" cb="0"/><line nr="1091" mi="0" ci="7" mb="0" cb="0"/><line nr="1092" mi="0" ci="2" mb="1" cb="1"/><line nr="1093" mi="14" ci="0" mb="0" cb="0"/><line nr="1095" mi="0" ci="6" mb="0" cb="0"/><line nr="1096" mi="0" ci="2" mb="0" cb="0"/><line nr="1098" mi="0" ci="1" mb="0" cb="0"/><line nr="1112" mi="0" ci="4" mb="0" cb="0"/><line nr="1113" mi="0" ci="1" mb="0" cb="0"/><line nr="1121" mi="3" ci="0" mb="0" cb="0"/><line nr="1130" mi="3" ci="0" mb="0" cb="0"/><line nr="1139" mi="0" ci="3" mb="0" cb="0"/><line nr="1150" mi="0" ci="7" mb="0" cb="0"/><line nr="1151" mi="0" ci="2" mb="1" cb="1"/><line nr="1152" mi="13" ci="0" mb="0" cb="0"/><line nr="1153" mi="1" ci="0" mb="0" cb="0"/><line nr="1156" mi="0" ci="3" mb="0" cb="0"/><line nr="1157" mi="0" ci="6" mb="0" cb="0"/><line nr="1159" mi="0" ci="2" mb="0" cb="0"/><line nr="1160" mi="1" ci="0" mb="0" cb="0"/><line nr="1161" mi="7" ci="0" mb="0" cb="0"/><line nr="1162" mi="1" ci="0" mb="0" cb="0"/><line nr="1163" mi="4" ci="0" mb="0" cb="0"/><line nr="1164" mi="0" ci="1" mb="0" cb="0"/><line nr="1165" mi="0" ci="1" mb="0" cb="0"/><line nr="1176" mi="5" ci="0" mb="0" cb="0"/><line nr="1187" mi="0" ci="4" mb="0" cb="0"/><line nr="1188" mi="0" ci="5" mb="2" cb="2"/><line nr="1189" mi="0" ci="3" mb="0" cb="0"/><line nr="1192" mi="7" ci="0" mb="0" cb="0"/><line nr="1193" mi="9" ci="0" mb="4" cb="0"/><line nr="1194" mi="3" ci="0" mb="0" cb="0"/><line nr="1196" mi="2" ci="0" mb="0" cb="0"/><line nr="1209" mi="0" ci="6" mb="0" cb="0"/><line nr="1224" mi="0" ci="16" mb="0" cb="0"/><line nr="1225" mi="0" ci="6" mb="0" cb="0"/><line nr="1228" mi="0" ci="6" mb="0" cb="0"/><line nr="1230" mi="0" ci="4" mb="0" cb="0"/><line nr="1233" mi="0" ci="8" mb="0" cb="0"/><line nr="1234" mi="0" ci="5" mb="0" cb="0"/><line nr="1237" mi="0" ci="12" mb="0" cb="0"/><line nr="1239" mi="0" ci="4" mb="0" cb="0"/><line nr="1242" mi="0" ci="3" mb="0" cb="0"/><line nr="1244" mi="0" ci="8" mb="0" cb="0"/><line nr="1245" mi="1" ci="0" mb="0" cb="0"/><line nr="1246" mi="10" ci="0" mb="0" cb="0"/><line nr="1247" mi="5" ci="0" mb="0" cb="0"/><line nr="1248" mi="5" ci="0" mb="0" cb="0"/><line nr="1264" mi="2" ci="0" mb="0" cb="0"/><line nr="1265" mi="4" ci="0" mb="0" cb="0"/><line nr="1266" mi="4" ci="0" mb="0" cb="0"/><line nr="1267" mi="4" ci="0" mb="0" cb="0"/><line nr="1268" mi="4" ci="0" mb="0" cb="0"/><line nr="1270" mi="4" ci="0" mb="0" cb="0"/><line nr="1271" mi="4" ci="0" mb="0" cb="0"/><line nr="1272" mi="4" ci="0" mb="0" cb="0"/><line nr="1274" mi="6" ci="0" mb="0" cb="0"/><line nr="1275" mi="10" ci="0" mb="2" cb="0"/><line nr="1277" mi="7" ci="0" mb="0" cb="0"/><line nr="1279" mi="8" ci="0" mb="0" cb="0"/><line nr="1281" mi="4" ci="0" mb="0" cb="0"/><line nr="1282" mi="4" ci="0" mb="0" cb="0"/><line nr="1283" mi="4" ci="0" mb="0" cb="0"/><line nr="1284" mi="4" ci="0" mb="0" cb="0"/><line nr="1287" mi="18" ci="0" mb="0" cb="0"/><line nr="1288" mi="13" ci="0" mb="2" cb="0"/><line nr="1289" mi="8" ci="0" mb="0" cb="0"/><line nr="1290" mi="1" ci="0" mb="0" cb="0"/><line nr="1291" mi="1" ci="0" mb="0" cb="0"/><line nr="1292" mi="5" ci="0" mb="0" cb="0"/><line nr="1293" mi="1" ci="0" mb="0" cb="0"/><line nr="1294" mi="5" ci="0" mb="0" cb="0"/><line nr="1295" mi="1" ci="0" mb="0" cb="0"/><line nr="1296" mi="5" ci="0" mb="0" cb="0"/><line nr="1297" mi="1" ci="0" mb="0" cb="0"/><line nr="1298" mi="1" ci="0" mb="0" cb="0"/><line nr="1300" mi="2" ci="0" mb="0" cb="0"/><line nr="1305" mi="2" ci="0" mb="0" cb="0"/><line nr="1306" mi="3" ci="0" mb="0" cb="0"/><line nr="1307" mi="3" ci="0" mb="0" cb="0"/><line nr="1308" mi="3" ci="0" mb="0" cb="0"/><line nr="1309" mi="3" ci="0" mb="0" cb="0"/><line nr="1310" mi="3" ci="0" mb="2" cb="0"/><line nr="1311" mi="3" ci="0" mb="0" cb="0"/><line nr="1313" mi="9" ci="0" mb="0" cb="0"/><line nr="1314" mi="5" ci="0" mb="0" cb="0"/><line nr="1315" mi="2" ci="0" mb="2" cb="0"/><line nr="1316" mi="2" ci="0" mb="0" cb="0"/><line nr="1317" mi="4" ci="0" mb="2" cb="0"/><line nr="1318" mi="6" ci="0" mb="0" cb="0"/><line nr="1320" mi="10" ci="0" mb="2" cb="0"/><line nr="1321" mi="6" ci="0" mb="2" cb="0"/><line nr="1322" mi="2" ci="0" mb="0" cb="0"/><line nr="1323" mi="1" ci="0" mb="0" cb="0"/><line nr="1325" mi="1" ci="0" mb="0" cb="0"/><line nr="1326" mi="10" ci="0" mb="2" cb="0"/><line nr="1327" mi="5" ci="0" mb="4" cb="0"/><line nr="1328" mi="6" ci="0" mb="0" cb="0"/><line nr="1329" mi="4" ci="0" mb="0" cb="0"/><line nr="1331" mi="1" ci="0" mb="0" cb="0"/><line nr="1333" mi="2" ci="0" mb="2" cb="0"/><line nr="1334" mi="7" ci="0" mb="0" cb="0"/><line nr="1335" mi="5" ci="0" mb="0" cb="0"/><line nr="1336" mi="2" ci="0" mb="2" cb="0"/><line nr="1337" mi="5" ci="0" mb="0" cb="0"/><line nr="1339" mi="4" ci="0" mb="0" cb="0"/><line nr="1340" mi="2" ci="0" mb="0" cb="0"/><line nr="1341" mi="2" ci="0" mb="0" cb="0"/><line nr="1342" mi="1" ci="0" mb="0" cb="0"/><line nr="1343" mi="4" ci="0" mb="0" cb="0"/><line nr="1345" mi="2" ci="0" mb="2" cb="0"/><line nr="1346" mi="10" ci="0" mb="2" cb="0"/><line nr="1347" mi="4" ci="0" mb="0" cb="0"/><line nr="1348" mi="1" ci="0" mb="0" cb="0"/><line nr="1352" mi="1" ci="0" mb="0" cb="0"/><line nr="1353" mi="2" ci="0" mb="2" cb="0"/><line nr="1354" mi="4" ci="0" mb="0" cb="0"/><line nr="1356" mi="21" ci="0" mb="0" cb="0"/><line nr="1360" mi="2" ci="0" mb="0" cb="0"/><line nr="1366" mi="0" ci="10" mb="0" cb="0"/><line nr="1367" mi="0" ci="3" mb="0" cb="0"/><line nr="1368" mi="1" ci="0" mb="0" cb="0"/><line nr="1369" mi="20" ci="0" mb="0" cb="0"/><line nr="1371" mi="15" ci="0" mb="0" cb="0"/><line nr="1372" mi="0" ci="1" mb="0" cb="0"/><line nr="1373" mi="0" ci="2" mb="0" cb="0"/><line nr="1378" mi="6" ci="0" mb="0" cb="0"/><line nr="1380" mi="7" ci="0" mb="0" cb="0"/><line nr="1382" mi="4" ci="0" mb="0" cb="0"/><line nr="1384" mi="10" ci="0" mb="2" cb="0"/><line nr="1385" mi="5" ci="0" mb="0" cb="0"/><line nr="1386" mi="1" ci="0" mb="0" cb="0"/><line nr="1388" mi="2" ci="0" mb="0" cb="0"/><line nr="1406" mi="0" ci="4" mb="0" cb="0"/><line nr="1408" mi="0" ci="4" mb="0" cb="0"/><line nr="1409" mi="0" ci="4" mb="0" cb="0"/><line nr="1410" mi="0" ci="2" mb="0" cb="0"/><line nr="1413" mi="0" ci="4" mb="0" cb="0"/><line nr="1414" mi="1" ci="0" mb="0" cb="0"/><line nr="1415" mi="8" ci="0" mb="0" cb="0"/><line nr="1416" mi="5" ci="0" mb="0" cb="0"/><line nr="1417" mi="5" ci="0" mb="0" cb="0"/><line nr="1418" mi="6" ci="0" mb="0" cb="0"/><line nr="1419" mi="0" ci="1" mb="0" cb="0"/><line nr="1420" mi="0" ci="3" mb="0" cb="2"/><line nr="1421" mi="0" ci="8" mb="0" cb="0"/><line nr="1422" mi="0" ci="2" mb="1" cb="1"/><line nr="1425" mi="0" ci="3" mb="1" cb="1"/><line nr="1426" mi="5" ci="0" mb="0" cb="0"/><line nr="1427" mi="0" ci="3" mb="1" cb="1"/><line nr="1428" mi="0" ci="11" mb="0" cb="2"/><line nr="1429" mi="0" ci="3" mb="1" cb="1"/><line nr="1430" mi="4" ci="0" mb="0" cb="0"/><line nr="1432" mi="0" ci="3" mb="1" cb="1"/><line nr="1433" mi="0" ci="4" mb="0" cb="0"/><line nr="1435" mi="0" ci="2" mb="0" cb="0"/><line nr="1437" mi="3" ci="0" mb="0" cb="0"/><line nr="1441" mi="0" ci="2" mb="0" cb="2"/><line nr="1442" mi="0" ci="3" mb="0" cb="0"/><line nr="1444" mi="0" ci="3" mb="0" cb="0"/><line nr="1446" mi="0" ci="8" mb="0" cb="0"/><line nr="1447" mi="0" ci="4" mb="0" cb="0"/><line nr="1448" mi="4" ci="7" mb="3" cb="1"/><line nr="1449" mi="2" ci="2" mb="0" cb="0"/><line nr="1450" mi="0" ci="7" mb="0" cb="0"/><line nr="1451" mi="0" ci="4" mb="0" cb="0"/><line nr="1452" mi="0" ci="11" mb="0" cb="0"/><line nr="1466" mi="0" ci="6" mb="0" cb="0"/><line nr="1467" mi="9" ci="0" mb="2" cb="0"/><line nr="1468" mi="7" ci="2" mb="2" cb="0"/><line nr="1469" mi="0" ci="3" mb="1" cb="1"/><line nr="1470" mi="6" ci="0" mb="0" cb="0"/><line nr="1472" mi="0" ci="2" mb="0" cb="0"/><line nr="1488" mi="0" ci="6" mb="1" cb="3"/><line nr="1489" mi="0" ci="2" mb="0" cb="0"/><line nr="1492" mi="0" ci="2" mb="0" cb="0"/><line nr="1493" mi="0" ci="12" mb="0" cb="2"/><line nr="1495" mi="0" ci="9" mb="0" cb="0"/><line nr="1496" mi="0" ci="1" mb="0" cb="0"/><line nr="1497" mi="0" ci="12" mb="0" cb="0"/><line nr="1498" mi="0" ci="2" mb="0" cb="0"/><line nr="1500" mi="1" ci="2" mb="1" cb="1"/><line nr="1502" mi="0" ci="7" mb="1" cb="1"/><line nr="1503" mi="0" ci="4" mb="0" cb="0"/><line nr="1504" mi="0" ci="12" mb="0" cb="0"/><line nr="1506" mi="0" ci="2" mb="0" cb="0"/><line nr="1509" mi="0" ci="2" mb="1" cb="1"/><line nr="1510" mi="2" ci="0" mb="2" cb="0"/><line nr="1511" mi="4" ci="0" mb="0" cb="0"/><line nr="1513" mi="3" ci="0" mb="0" cb="0"/><line nr="1515" mi="0" ci="1" mb="0" cb="0"/><line nr="1516" mi="0" ci="1" mb="0" cb="0"/><line nr="1517" mi="0" ci="2" mb="0" cb="0"/><line nr="1537" mi="0" ci="4" mb="0" cb="0"/><line nr="1540" mi="0" ci="4" mb="0" cb="0"/><line nr="1541" mi="0" ci="8" mb="0" cb="0"/><line nr="1542" mi="0" ci="10" mb="0" cb="2"/><line nr="1543" mi="0" ci="11" mb="0" cb="0"/><line nr="1544" mi="0" ci="1" mb="0" cb="0"/><line nr="1547" mi="0" ci="11" mb="0" cb="2"/><line nr="1548" mi="0" ci="13" mb="0" cb="0"/><line nr="1549" mi="0" ci="12" mb="0" cb="2"/><line nr="1550" mi="0" ci="13" mb="0" cb="0"/><line nr="1551" mi="0" ci="1" mb="0" cb="0"/><line nr="1552" mi="0" ci="1" mb="0" cb="0"/><line nr="1553" mi="0" ci="2" mb="0" cb="0"/><line nr="1571" mi="0" ci="2" mb="0" cb="0"/><line nr="1572" mi="0" ci="10" mb="0" cb="2"/><line nr="1573" mi="0" ci="5" mb="0" cb="2"/><line nr="1574" mi="0" ci="3" mb="0" cb="0"/><line nr="1575" mi="0" ci="1" mb="0" cb="0"/><line nr="1577" mi="0" ci="1" mb="0" cb="0"/><line nr="1578" mi="0" ci="2" mb="0" cb="2"/><line nr="1579" mi="0" ci="15" mb="0" cb="0"/><line nr="1580" mi="0" ci="2" mb="0" cb="0"/><line nr="1582" mi="0" ci="2" mb="0" cb="0"/><line nr="1595" mi="0" ci="7" mb="2" cb="4"/><line nr="1596" mi="0" ci="2" mb="0" cb="0"/><line nr="1598" mi="0" ci="7" mb="0" cb="0"/><line nr="1599" mi="0" ci="9" mb="0" cb="0"/><line nr="1601" mi="0" ci="5" mb="0" cb="2"/><line nr="1602" mi="0" ci="11" mb="0" cb="2"/><line nr="1603" mi="0" ci="5" mb="0" cb="2"/><line nr="1604" mi="0" ci="9" mb="0" cb="0"/><line nr="1606" mi="0" ci="9" mb="0" cb="0"/><line nr="1607" mi="0" ci="9" mb="0" cb="0"/><line nr="1608" mi="0" ci="2" mb="0" cb="0"/><line nr="1621" mi="0" ci="14" mb="0" cb="0"/><line nr="1641" mi="0" ci="8" mb="0" cb="0"/><line nr="1645" mi="0" ci="7" mb="2" cb="2"/><line nr="1646" mi="3" ci="0" mb="2" cb="0"/><line nr="1647" mi="5" ci="0" mb="0" cb="0"/><line nr="1649" mi="5" ci="0" mb="0" cb="0"/><line nr="1650" mi="4" ci="0" mb="0" cb="0"/><line nr="1651" mi="3" ci="0" mb="0" cb="0"/><line nr="1652" mi="3" ci="0" mb="0" cb="0"/><line nr="1653" mi="5" ci="0" mb="0" cb="0"/><line nr="1654" mi="1" ci="0" mb="0" cb="0"/><line nr="1657" mi="0" ci="7" mb="1" cb="3"/><line nr="1659" mi="0" ci="4" mb="0" cb="0"/><line nr="1660" mi="0" ci="4" mb="0" cb="0"/><line nr="1661" mi="0" ci="4" mb="0" cb="0"/><line nr="1662" mi="0" ci="4" mb="0" cb="0"/><line nr="1664" mi="0" ci="9" mb="0" cb="0"/><line nr="1665" mi="0" ci="3" mb="0" cb="0"/><line nr="1666" mi="0" ci="9" mb="0" cb="0"/><line nr="1667" mi="0" ci="3" mb="0" cb="0"/><line nr="1668" mi="0" ci="9" mb="0" cb="0"/><line nr="1669" mi="0" ci="3" mb="0" cb="0"/><line nr="1670" mi="0" ci="5" mb="0" cb="0"/><line nr="1671" mi="0" ci="3" mb="0" cb="0"/><line nr="1672" mi="0" ci="3" mb="0" cb="0"/><line nr="1673" mi="0" ci="3" mb="0" cb="0"/><line nr="1674" mi="0" ci="3" mb="0" cb="0"/><line nr="1675" mi="0" ci="3" mb="0" cb="0"/><line nr="1676" mi="0" ci="3" mb="0" cb="0"/><line nr="1677" mi="0" ci="3" mb="0" cb="0"/><line nr="1678" mi="0" ci="3" mb="0" cb="0"/><line nr="1679" mi="1" ci="0" mb="0" cb="0"/><line nr="1680" mi="2" ci="0" mb="2" cb="0"/><line nr="1681" mi="4" ci="0" mb="0" cb="0"/><line nr="1683" mi="3" ci="0" mb="0" cb="0"/><line nr="1684" mi="0" ci="1" mb="0" cb="0"/><line nr="1685" mi="0" ci="4" mb="0" cb="0"/><line nr="1686" mi="0" ci="4" mb="0" cb="0"/><line nr="1687" mi="0" ci="4" mb="0" cb="0"/><line nr="1688" mi="0" ci="4" mb="0" cb="0"/><line nr="1689" mi="0" ci="4" mb="0" cb="0"/><line nr="1691" mi="0" ci="3" mb="1" cb="1"/><line nr="1692" mi="0" ci="4" mb="0" cb="0"/><line nr="1693" mi="0" ci="11" mb="0" cb="2"/><line nr="1695" mi="0" ci="4" mb="0" cb="0"/><line nr="1696" mi="0" ci="6" mb="0" cb="0"/><line nr="1697" mi="0" ci="3" mb="1" cb="1"/><line nr="1698" mi="5" ci="0" mb="0" cb="0"/><line nr="1701" mi="0" ci="10" mb="0" cb="0"/><line nr="1702" mi="1" ci="0" mb="0" cb="0"/><line nr="1703" mi="2" ci="0" mb="2" cb="0"/><line nr="1704" mi="4" ci="0" mb="0" cb="0"/><line nr="1706" mi="3" ci="0" mb="0" cb="0"/><line nr="1707" mi="4" ci="0" mb="0" cb="0"/><line nr="1708" mi="0" ci="1" mb="0" cb="0"/><line nr="1710" mi="0" ci="4" mb="0" cb="0"/><line nr="1711" mi="0" ci="4" mb="0" cb="0"/><line nr="1712" mi="0" ci="4" mb="0" cb="0"/><line nr="1713" mi="0" ci="4" mb="0" cb="0"/><line nr="1714" mi="0" ci="4" mb="0" cb="0"/><line nr="1715" mi="0" ci="4" mb="0" cb="0"/><line nr="1716" mi="0" ci="4" mb="0" cb="0"/><line nr="1717" mi="0" ci="4" mb="0" cb="0"/><line nr="1718" mi="0" ci="4" mb="0" cb="0"/><line nr="1719" mi="0" ci="4" mb="0" cb="0"/><line nr="1720" mi="0" ci="4" mb="0" cb="0"/><line nr="1721" mi="0" ci="2" mb="0" cb="0"/><line nr="1723" mi="3" ci="0" mb="0" cb="0"/><line nr="1727" mi="0" ci="4" mb="0" cb="0"/><line nr="1728" mi="0" ci="10" mb="0" cb="2"/><line nr="1729" mi="0" ci="12" mb="0" cb="0"/><line nr="1730" mi="0" ci="4" mb="0" cb="0"/><line nr="1731" mi="0" ci="16" mb="0" cb="2"/><line nr="1732" mi="0" ci="8" mb="0" cb="0"/><line nr="1733" mi="0" ci="3" mb="1" cb="1"/><line nr="1734" mi="0" ci="6" mb="0" cb="0"/><line nr="1737" mi="0" ci="1" mb="0" cb="0"/><line nr="1738" mi="0" ci="2" mb="0" cb="0"/><line nr="1753" mi="0" ci="7" mb="0" cb="0"/><line nr="1774" mi="0" ci="11" mb="0" cb="0"/><line nr="1775" mi="0" ci="6" mb="0" cb="0"/><line nr="1776" mi="0" ci="12" mb="0" cb="0"/><line nr="1778" mi="0" ci="11" mb="1" cb="1"/><line nr="1780" mi="0" ci="10" mb="0" cb="0"/><line nr="1781" mi="0" ci="15" mb="0" cb="0"/><line nr="1782" mi="0" ci="12" mb="0" cb="0"/><line nr="1784" mi="0" ci="7" mb="0" cb="2"/><line nr="1785" mi="0" ci="6" mb="1" cb="1"/><line nr="1786" mi="0" ci="5" mb="1" cb="1"/><line nr="1788" mi="0" ci="8" mb="0" cb="0"/><line nr="1789" mi="0" ci="12" mb="0" cb="0"/><line nr="1790" mi="0" ci="11" mb="0" cb="0"/><line nr="1792" mi="0" ci="4" mb="0" cb="0"/><line nr="1793" mi="0" ci="20" mb="0" cb="0"/><line nr="1794" mi="0" ci="4" mb="0" cb="0"/><line nr="1795" mi="0" ci="4" mb="0" cb="0"/><line nr="1796" mi="0" ci="4" mb="0" cb="0"/><line nr="1797" mi="0" ci="3" mb="0" cb="0"/><line nr="1798" mi="0" ci="3" mb="0" cb="0"/><line nr="1799" mi="0" ci="4" mb="0" cb="0"/><line nr="1800" mi="0" ci="4" mb="0" cb="0"/><line nr="1801" mi="0" ci="2" mb="0" cb="0"/><line nr="1802" mi="0" ci="2" mb="0" cb="0"/><line nr="1803" mi="0" ci="1" mb="0" cb="0"/><line nr="1804" mi="0" ci="3" mb="0" cb="0"/><line nr="1805" mi="0" ci="8" mb="0" cb="0"/><line nr="1806" mi="0" ci="8" mb="0" cb="0"/><line nr="1808" mi="0" ci="8" mb="0" cb="0"/><line nr="1809" mi="0" ci="8" mb="0" cb="0"/><line nr="1810" mi="0" ci="3" mb="0" cb="0"/><line nr="1813" mi="0" ci="6" mb="0" cb="0"/><line nr="1814" mi="0" ci="6" mb="0" cb="0"/><line nr="1815" mi="1" ci="0" mb="0" cb="0"/><line nr="1816" mi="11" ci="0" mb="0" cb="0"/><line nr="1817" mi="13" ci="0" mb="0" cb="0"/><line nr="1818" mi="0" ci="1" mb="0" cb="0"/><line nr="1819" mi="0" ci="3" mb="0" cb="0"/><line nr="1821" mi="0" ci="16" mb="0" cb="0"/><line nr="1822" mi="0" ci="4" mb="0" cb="0"/><line nr="1823" mi="0" ci="3" mb="0" cb="0"/><line nr="1824" mi="0" ci="3" mb="1" cb="1"/><line nr="1825" mi="7" ci="0" mb="0" cb="0"/><line nr="1827" mi="4" ci="7" mb="1" cb="1"/><line nr="1828" mi="4" ci="0" mb="0" cb="0"/><line nr="1829" mi="3" ci="0" mb="2" cb="0"/><line nr="1830" mi="5" ci="0" mb="0" cb="0"/><line nr="1832" mi="3" ci="0" mb="2" cb="0"/><line nr="1833" mi="7" ci="0" mb="0" cb="0"/><line nr="1835" mi="3" ci="0" mb="2" cb="0"/><line nr="1836" mi="5" ci="0" mb="0" cb="0"/><line nr="1837" mi="5" ci="0" mb="2" cb="0"/><line nr="1838" mi="15" ci="0" mb="0" cb="0"/><line nr="1840" mi="1" ci="0" mb="0" cb="0"/><line nr="1841" mi="0" ci="3" mb="0" cb="0"/><line nr="1842" mi="0" ci="2" mb="0" cb="0"/><line nr="1844" mi="0" ci="1" mb="0" cb="0"/><line nr="1845" mi="2" ci="0" mb="0" cb="0"/><line nr="1849" mi="0" ci="7" mb="0" cb="0"/><line nr="1851" mi="0" ci="3" mb="0" cb="2"/><line nr="1852" mi="0" ci="4" mb="0" cb="0"/><line nr="1853" mi="0" ci="6" mb="0" cb="0"/><line nr="1854" mi="0" ci="4" mb="0" cb="2"/><line nr="1855" mi="0" ci="4" mb="0" cb="0"/><line nr="1856" mi="0" ci="7" mb="0" cb="0"/><line nr="1858" mi="0" ci="5" mb="0" cb="0"/><line nr="1874" mi="0" ci="3" mb="1" cb="1"/><line nr="1875" mi="2" ci="0" mb="0" cb="0"/><line nr="1877" mi="0" ci="7" mb="0" cb="0"/><line nr="1889" mi="0" ci="7" mb="0" cb="0"/><line nr="1890" mi="0" ci="4" mb="0" cb="0"/><line nr="1891" mi="0" ci="3" mb="0" cb="0"/><line nr="1892" mi="0" ci="2" mb="0" cb="0"/><line nr="1904" mi="0" ci="2" mb="0" cb="0"/><line nr="1905" mi="0" ci="5" mb="0" cb="0"/><line nr="1906" mi="0" ci="2" mb="0" cb="0"/><line nr="1907" mi="0" ci="3" mb="1" cb="1"/><line nr="1908" mi="0" ci="4" mb="0" cb="0"/><line nr="1910" mi="0" ci="3" mb="1" cb="1"/><line nr="1911" mi="5" ci="0" mb="0" cb="0"/><line nr="1914" mi="0" ci="2" mb="0" cb="0"/><line nr="1915" mi="0" ci="1" mb="0" cb="0"/><line nr="1916" mi="0" ci="5" mb="0" cb="0"/><line nr="1917" mi="0" ci="1" mb="0" cb="0"/><line nr="1918" mi="0" ci="5" mb="1" cb="3"/><line nr="1920" mi="0" ci="5" mb="0" cb="0"/><line nr="1921" mi="0" ci="2" mb="1" cb="1"/><line nr="1924" mi="8" ci="0" mb="0" cb="0"/><line nr="1927" mi="0" ci="3" mb="0" cb="0"/><line nr="1928" mi="0" ci="11" mb="0" cb="2"/><line nr="1929" mi="0" ci="13" mb="0" cb="0"/><line nr="1930" mi="0" ci="1" mb="0" cb="0"/><line nr="1931" mi="1" ci="0" mb="0" cb="0"/><line nr="1932" mi="2" ci="0" mb="2" cb="0"/><line nr="1933" mi="6" ci="0" mb="0" cb="0"/><line nr="1935" mi="3" ci="0" mb="0" cb="0"/><line nr="1937" mi="3" ci="0" mb="2" cb="0"/><line nr="1938" mi="6" ci="0" mb="0" cb="0"/><line nr="1940" mi="5" ci="0" mb="0" cb="0"/><line nr="1942" mi="0" ci="1" mb="0" cb="0"/><line nr="1943" mi="0" ci="6" mb="0" cb="0"/><line nr="1944" mi="0" ci="4" mb="0" cb="0"/><line nr="1945" mi="0" ci="5" mb="1" cb="3"/><line nr="1946" mi="0" ci="6" mb="0" cb="0"/><line nr="1949" mi="1" ci="0" mb="0" cb="0"/><line nr="1950" mi="4" ci="0" mb="2" cb="0"/><line nr="1951" mi="5" ci="0" mb="0" cb="0"/><line nr="1953" mi="2" ci="0" mb="0" cb="0"/><line nr="1954" mi="3" ci="0" mb="2" cb="0"/><line nr="1955" mi="6" ci="0" mb="0" cb="0"/><line nr="1957" mi="5" ci="0" mb="0" cb="0"/><line nr="1959" mi="0" ci="3" mb="0" cb="0"/><line nr="1961" mi="0" ci="1" mb="0" cb="0"/><line nr="1974" mi="0" ci="2" mb="0" cb="0"/><line nr="1975" mi="0" ci="2" mb="1" cb="1"/><line nr="1976" mi="0" ci="3" mb="0" cb="0"/><line nr="1978" mi="6" ci="0" mb="0" cb="0"/><line nr="1979" mi="3" ci="0" mb="2" cb="0"/><line nr="1980" mi="3" ci="0" mb="0" cb="0"/><line nr="1983" mi="0" ci="3" mb="1" cb="1"/><line nr="1984" mi="11" ci="0" mb="0" cb="0"/><line nr="1985" mi="3" ci="0" mb="2" cb="0"/><line nr="1986" mi="6" ci="0" mb="0" cb="0"/><line nr="1988" mi="4" ci="0" mb="0" cb="0"/><line nr="1989" mi="4" ci="0" mb="2" cb="0"/><line nr="1990" mi="4" ci="0" mb="0" cb="0"/><line nr="1992" mi="1" ci="0" mb="0" cb="0"/><line nr="1993" mi="0" ci="11" mb="0" cb="0"/><line nr="1994" mi="0" ci="4" mb="1" cb="1"/><line nr="1995" mi="5" ci="0" mb="0" cb="0"/><line nr="1998" mi="0" ci="2" mb="0" cb="0"/><line nr="2028" mi="0" ci="3" mb="0" cb="0"/><line nr="2038" mi="0" ci="3" mb="0" cb="0"/><line nr="2039" mi="0" ci="1" mb="0" cb="0"/><line nr="2047" mi="3" ci="0" mb="0" cb="0"/><line nr="2058" mi="0" ci="2" mb="0" cb="0"/><line nr="2068" mi="0" ci="3" mb="0" cb="0"/><line nr="2069" mi="8" ci="4" mb="5" cb="1"/><line nr="2070" mi="0" ci="2" mb="0" cb="0"/><line nr="2071" mi="4" ci="0" mb="2" cb="0"/><line nr="2072" mi="2" ci="0" mb="0" cb="0"/><line nr="2073" mi="4" ci="0" mb="2" cb="0"/><line nr="2074" mi="2" ci="0" mb="0" cb="0"/><line nr="2075" mi="4" ci="0" mb="2" cb="0"/><line nr="2076" mi="2" ci="0" mb="0" cb="0"/><line nr="2077" mi="4" ci="0" mb="2" cb="0"/><line nr="2078" mi="2" ci="0" mb="0" cb="0"/><line nr="2079" mi="4" ci="0" mb="2" cb="0"/><line nr="2080" mi="2" ci="0" mb="0" cb="0"/><line nr="2081" mi="4" ci="0" mb="2" cb="0"/><line nr="2082" mi="2" ci="0" mb="0" cb="0"/><line nr="2084" mi="4" ci="0" mb="0" cb="0"/><line nr="2085" mi="2" ci="0" mb="0" cb="0"/><line nr="2096" mi="0" ci="2" mb="0" cb="0"/><line nr="2109" mi="0" ci="2" mb="0" cb="0"/><line nr="2110" mi="0" ci="6" mb="0" cb="0"/><line nr="2119" mi="0" ci="5" mb="0" cb="0"/><line nr="2120" mi="0" ci="2" mb="0" cb="0"/><line nr="2122" mi="0" ci="6" mb="0" cb="0"/><line nr="2123" mi="0" ci="4" mb="0" cb="0"/><line nr="2124" mi="1" ci="0" mb="0" cb="0"/><line nr="2125" mi="4" ci="0" mb="0" cb="0"/><line nr="2126" mi="4" ci="0" mb="2" cb="0"/><line nr="2127" mi="5" ci="0" mb="0" cb="0"/><line nr="2130" mi="0" ci="2" mb="1" cb="1"/><line nr="2132" mi="0" ci="2" mb="0" cb="0"/><line nr="2133" mi="1" ci="0" mb="0" cb="0"/><line nr="2134" mi="4" ci="0" mb="2" cb="0"/><line nr="2135" mi="5" ci="0" mb="0" cb="0"/><line nr="2137" mi="0" ci="1" mb="0" cb="0"/><line nr="2140" mi="0" ci="7" mb="0" cb="0"/><line nr="2141" mi="0" ci="6" mb="0" cb="0"/><line nr="2142" mi="0" ci="6" mb="0" cb="0"/><line nr="2143" mi="0" ci="6" mb="0" cb="0"/><line nr="2144" mi="0" ci="6" mb="0" cb="0"/><line nr="2145" mi="0" ci="6" mb="0" cb="0"/><line nr="2146" mi="0" ci="6" mb="0" cb="0"/><line nr="2147" mi="0" ci="6" mb="0" cb="0"/><line nr="2148" mi="0" ci="6" mb="0" cb="0"/><line nr="2149" mi="0" ci="6" mb="0" cb="0"/><line nr="2151" mi="0" ci="3" mb="0" cb="0"/><line nr="2152" mi="0" ci="2" mb="0" cb="0"/><line nr="2153" mi="0" ci="2" mb="1" cb="1"/><line nr="2154" mi="2" ci="0" mb="0" cb="0"/><line nr="2155" mi="6" ci="0" mb="0" cb="0"/><line nr="2156" mi="7" ci="0" mb="0" cb="0"/><line nr="2157" mi="3" ci="0" mb="0" cb="0"/><line nr="2158" mi="3" ci="0" mb="0" cb="0"/><line nr="2159" mi="5" ci="0" mb="4" cb="0"/><line nr="2160" mi="6" ci="0" mb="2" cb="0"/><line nr="2161" mi="4" ci="0" mb="0" cb="0"/><line nr="2164" mi="4" ci="0" mb="0" cb="0"/><line nr="2165" mi="1" ci="0" mb="0" cb="0"/><line nr="2166" mi="8" ci="0" mb="0" cb="0"/><line nr="2167" mi="1" ci="0" mb="0" cb="0"/><line nr="2169" mi="5" ci="0" mb="0" cb="0"/><line nr="2170" mi="5" ci="0" mb="0" cb="0"/><line nr="2171" mi="6" ci="0" mb="0" cb="0"/><line nr="2173" mi="0" ci="5" mb="2" cb="2"/><line nr="2174" mi="7" ci="0" mb="0" cb="0"/><line nr="2175" mi="3" ci="0" mb="2" cb="0"/><line nr="2176" mi="6" ci="0" mb="0" cb="0"/><line nr="2178" mi="3" ci="0" mb="2" cb="0"/><line nr="2179" mi="6" ci="0" mb="0" cb="0"/><line nr="2181" mi="3" ci="0" mb="2" cb="0"/><line nr="2182" mi="6" ci="0" mb="0" cb="0"/><line nr="2184" mi="3" ci="0" mb="2" cb="0"/><line nr="2185" mi="6" ci="0" mb="0" cb="0"/><line nr="2188" mi="0" ci="3" mb="0" cb="0"/><line nr="2189" mi="0" ci="5" mb="0" cb="0"/><line nr="2190" mi="0" ci="7" mb="0" cb="0"/><line nr="2191" mi="0" ci="6" mb="0" cb="0"/><line nr="2192" mi="0" ci="6" mb="0" cb="0"/><line nr="2193" mi="0" ci="6" mb="0" cb="0"/><line nr="2194" mi="0" ci="6" mb="0" cb="0"/><line nr="2195" mi="0" ci="6" mb="0" cb="0"/><line nr="2196" mi="0" ci="6" mb="0" cb="0"/><line nr="2197" mi="0" ci="6" mb="0" cb="0"/><line nr="2198" mi="0" ci="6" mb="0" cb="0"/><line nr="2199" mi="0" ci="6" mb="0" cb="0"/><line nr="2200" mi="0" ci="6" mb="0" cb="0"/><line nr="2201" mi="0" ci="6" mb="0" cb="0"/><line nr="2202" mi="0" ci="6" mb="0" cb="0"/><line nr="2203" mi="0" ci="6" mb="0" cb="0"/><line nr="2204" mi="0" ci="6" mb="0" cb="0"/><line nr="2205" mi="0" ci="6" mb="0" cb="0"/><line nr="2206" mi="0" ci="6" mb="0" cb="0"/><line nr="2207" mi="0" ci="6" mb="0" cb="0"/><line nr="2208" mi="0" ci="6" mb="0" cb="0"/><line nr="2209" mi="0" ci="6" mb="0" cb="0"/><line nr="2210" mi="0" ci="6" mb="0" cb="0"/><line nr="2212" mi="0" ci="6" mb="0" cb="0"/><line nr="2213" mi="0" ci="6" mb="0" cb="0"/><line nr="2214" mi="0" ci="6" mb="0" cb="0"/><line nr="2215" mi="0" ci="6" mb="0" cb="0"/><line nr="2216" mi="0" ci="5" mb="0" cb="2"/><line nr="2217" mi="0" ci="3" mb="1" cb="1"/><line nr="2218" mi="7" ci="0" mb="0" cb="0"/><line nr="2221" mi="0" ci="6" mb="0" cb="0"/><line nr="2222" mi="0" ci="6" mb="0" cb="0"/><line nr="2224" mi="0" ci="6" mb="0" cb="0"/><line nr="2226" mi="0" ci="6" mb="0" cb="0"/><line nr="2227" mi="0" ci="6" mb="0" cb="0"/><line nr="2228" mi="0" ci="6" mb="0" cb="0"/><line nr="2229" mi="0" ci="6" mb="0" cb="0"/><line nr="2230" mi="0" ci="6" mb="0" cb="0"/><line nr="2231" mi="0" ci="6" mb="0" cb="0"/><line nr="2232" mi="0" ci="6" mb="0" cb="0"/><line nr="2233" mi="0" ci="6" mb="0" cb="0"/><line nr="2234" mi="0" ci="6" mb="0" cb="0"/><line nr="2235" mi="0" ci="6" mb="0" cb="0"/><line nr="2236" mi="0" ci="6" mb="0" cb="0"/><line nr="2237" mi="0" ci="6" mb="0" cb="0"/><line nr="2238" mi="0" ci="6" mb="0" cb="0"/><line nr="2239" mi="0" ci="6" mb="0" cb="0"/><line nr="2240" mi="0" ci="6" mb="0" cb="0"/><line nr="2241" mi="0" ci="6" mb="0" cb="0"/><line nr="2242" mi="0" ci="6" mb="0" cb="0"/><line nr="2243" mi="0" ci="6" mb="0" cb="0"/><line nr="2244" mi="0" ci="6" mb="0" cb="0"/><line nr="2245" mi="0" ci="6" mb="0" cb="0"/><line nr="2247" mi="0" ci="6" mb="0" cb="0"/><line nr="2248" mi="0" ci="6" mb="0" cb="0"/><line nr="2249" mi="0" ci="6" mb="0" cb="0"/><line nr="2251" mi="0" ci="9" mb="3" cb="3"/><line nr="2252" mi="7" ci="0" mb="0" cb="0"/><line nr="2254" mi="0" ci="6" mb="0" cb="0"/><line nr="2255" mi="0" ci="6" mb="0" cb="0"/><line nr="2258" mi="0" ci="6" mb="0" cb="0"/><line nr="2259" mi="0" ci="6" mb="0" cb="0"/><line nr="2260" mi="0" ci="6" mb="0" cb="0"/><line nr="2261" mi="0" ci="6" mb="0" cb="0"/><line nr="2262" mi="0" ci="6" mb="0" cb="0"/><line nr="2263" mi="0" ci="6" mb="0" cb="0"/><line nr="2264" mi="0" ci="6" mb="0" cb="0"/><line nr="2265" mi="0" ci="6" mb="0" cb="0"/><line nr="2267" mi="0" ci="6" mb="0" cb="0"/><line nr="2268" mi="0" ci="6" mb="0" cb="0"/><line nr="2269" mi="0" ci="6" mb="0" cb="0"/><line nr="2270" mi="0" ci="6" mb="0" cb="0"/><line nr="2271" mi="0" ci="6" mb="0" cb="0"/><line nr="2273" mi="0" ci="3" mb="0" cb="2"/><line nr="2274" mi="0" ci="7" mb="0" cb="0"/><line nr="2275" mi="0" ci="7" mb="0" cb="0"/><line nr="2279" mi="0" ci="6" mb="0" cb="0"/><line nr="2280" mi="0" ci="6" mb="0" cb="0"/><line nr="2281" mi="0" ci="6" mb="0" cb="0"/><line nr="2283" mi="0" ci="9" mb="3" cb="3"/><line nr="2284" mi="7" ci="0" mb="0" cb="0"/><line nr="2286" mi="0" ci="6" mb="0" cb="0"/><line nr="2287" mi="0" ci="6" mb="0" cb="0"/><line nr="2289" mi="0" ci="6" mb="0" cb="0"/><line nr="2290" mi="0" ci="6" mb="0" cb="0"/><line nr="2292" mi="0" ci="4" mb="0" cb="0"/><line nr="2293" mi="0" ci="10" mb="0" cb="2"/><line nr="2294" mi="0" ci="3" mb="0" cb="0"/><line nr="2295" mi="0" ci="5" mb="0" cb="0"/><line nr="2296" mi="0" ci="6" mb="0" cb="0"/><line nr="2297" mi="0" ci="6" mb="0" cb="0"/><line nr="2298" mi="0" ci="6" mb="0" cb="0"/><line nr="2299" mi="5" ci="3" mb="3" cb="1"/><line nr="2300" mi="4" ci="0" mb="0" cb="0"/><line nr="2301" mi="4" ci="0" mb="0" cb="0"/><line nr="2303" mi="0" ci="6" mb="0" cb="0"/><line nr="2304" mi="0" ci="6" mb="0" cb="0"/><line nr="2305" mi="0" ci="13" mb="0" cb="0"/><line nr="2306" mi="0" ci="7" mb="0" cb="0"/><line nr="2307" mi="0" ci="9" mb="3" cb="3"/><line nr="2308" mi="7" ci="0" mb="0" cb="0"/><line nr="2310" mi="0" ci="6" mb="0" cb="0"/><line nr="2311" mi="0" ci="6" mb="0" cb="0"/><line nr="2313" mi="0" ci="9" mb="3" cb="3"/><line nr="2314" mi="7" ci="0" mb="0" cb="0"/><line nr="2316" mi="0" ci="6" mb="0" cb="0"/><line nr="2317" mi="0" ci="6" mb="0" cb="0"/><line nr="2319" mi="0" ci="6" mb="0" cb="0"/><line nr="2320" mi="0" ci="6" mb="0" cb="0"/><line nr="2321" mi="0" ci="6" mb="0" cb="0"/><line nr="2322" mi="0" ci="1" mb="0" cb="0"/><line nr="2334" mi="0" ci="2" mb="1" cb="1"/><line nr="2335" mi="5" ci="0" mb="0" cb="0"/><line nr="2336" mi="2" ci="0" mb="2" cb="0"/><line nr="2337" mi="3" ci="0" mb="0" cb="0"/><line nr="2338" mi="2" ci="0" mb="0" cb="0"/><line nr="2340" mi="5" ci="0" mb="0" cb="0"/><line nr="2341" mi="1" ci="0" mb="0" cb="0"/><line nr="2342" mi="8" ci="0" mb="0" cb="0"/><line nr="2343" mi="1" ci="0" mb="0" cb="0"/><line nr="2344" mi="5" ci="0" mb="0" cb="0"/><line nr="2345" mi="5" ci="0" mb="0" cb="0"/><line nr="2346" mi="1" ci="0" mb="0" cb="0"/><line nr="2347" mi="11" ci="0" mb="0" cb="0"/><line nr="2350" mi="0" ci="1" mb="0" cb="0"/><line nr="2369" mi="4" ci="0" mb="2" cb="0"/><line nr="2370" mi="5" ci="0" mb="0" cb="0"/><line nr="2373" mi="5" ci="0" mb="0" cb="0"/><line nr="2391" mi="2" ci="0" mb="0" cb="0"/><line nr="2392" mi="5" ci="0" mb="2" cb="0"/><line nr="2393" mi="7" ci="0" mb="4" cb="0"/><line nr="2395" mi="2" ci="0" mb="0" cb="0"/><line nr="2396" mi="8" ci="0" mb="4" cb="0"/><line nr="2397" mi="23" ci="0" mb="0" cb="0"/><line nr="2399" mi="2" ci="0" mb="0" cb="0"/><line nr="2401" mi="2" ci="0" mb="0" cb="0"/><line nr="2403" mi="1" ci="0" mb="0" cb="0"/><line nr="2404" mi="22" ci="0" mb="0" cb="0"/><line nr="2406" mi="2" ci="0" mb="0" cb="0"/><line nr="2408" mi="2" ci="0" mb="0" cb="0"/><line nr="2418" mi="0" ci="3" mb="0" cb="0"/><line nr="2419" mi="0" ci="3" mb="0" cb="2"/><line nr="2420" mi="0" ci="2" mb="1" cb="1"/><line nr="2421" mi="9" ci="0" mb="0" cb="0"/><line nr="2423" mi="0" ci="8" mb="0" cb="0"/><line nr="2424" mi="0" ci="8" mb="0" cb="0"/><line nr="2427" mi="0" ci="2" mb="0" cb="0"/><line nr="2435" mi="0" ci="51" mb="0" cb="0"/><line nr="2448" mi="0" ci="16" mb="0" cb="2"/><line nr="2451" mi="0" ci="3" mb="0" cb="0"/><line nr="2452" mi="0" ci="6" mb="0" cb="0"/><line nr="2453" mi="0" ci="3" mb="0" cb="0"/><line nr="2454" mi="0" ci="5" mb="0" cb="0"/><line nr="2455" mi="1" ci="0" mb="0" cb="0"/><line nr="2456" mi="13" ci="0" mb="0" cb="0"/><line nr="2457" mi="0" ci="1" mb="0" cb="0"/><line nr="2459" mi="0" ci="1" mb="0" cb="0"/><line nr="2467" mi="0" ci="3" mb="1" cb="1"/><line nr="2468" mi="0" ci="4" mb="0" cb="0"/><line nr="2469" mi="0" ci="5" mb="2" cb="2"/><line nr="2470" mi="3" ci="0" mb="2" cb="0"/><line nr="2471" mi="10" ci="0" mb="2" cb="0"/><line nr="2472" mi="6" ci="0" mb="2" cb="0"/><line nr="2473" mi="2" ci="0" mb="0" cb="0"/><line nr="2475" mi="2" ci="0" mb="0" cb="0"/><line nr="2477" mi="10" ci="0" mb="2" cb="0"/><line nr="2478" mi="3" ci="0" mb="2" cb="0"/><line nr="2479" mi="2" ci="0" mb="0" cb="0"/><line nr="2481" mi="1" ci="0" mb="0" cb="0"/><line nr="2485" mi="0" ci="2" mb="0" cb="0"/><line nr="2499" mi="0" ci="3" mb="0" cb="0"/><line nr="2508" mi="0" ci="3" mb="0" cb="0"/><line nr="2517" mi="0" ci="4" mb="0" cb="0"/><line nr="2518" mi="6" ci="12" mb="2" cb="2"/><line nr="2519" mi="0" ci="4" mb="0" cb="0"/><line nr="2521" mi="4" ci="0" mb="0" cb="0"/><line nr="2522" mi="1" ci="0" mb="0" cb="0"/><line nr="2523" mi="4" ci="0" mb="0" cb="0"/><line nr="2524" mi="1" ci="0" mb="0" cb="0"/><line nr="2525" mi="1" ci="0" mb="0" cb="0"/><line nr="2526" mi="12" ci="4" mb="0" cb="0"/><line nr="2527" mi="0" ci="4" mb="1" cb="1"/><line nr="2528" mi="4" ci="0" mb="0" cb="0"/><line nr="2530" mi="0" ci="6" mb="2" cb="2"/><line nr="2531" mi="0" ci="5" mb="0" cb="0"/><line nr="2533" mi="0" ci="2" mb="0" cb="0"/><line nr="2543" mi="0" ci="3" mb="1" cb="1"/><line nr="2544" mi="5" ci="0" mb="0" cb="0"/><line nr="2546" mi="0" ci="3" mb="0" cb="0"/><line nr="2555" mi="0" ci="3" mb="0" cb="0"/><line nr="2564" mi="0" ci="3" mb="0" cb="0"/><line nr="2577" mi="0" ci="4" mb="0" cb="0"/><line nr="2578" mi="0" ci="16" mb="0" cb="2"/><line nr="2579" mi="0" ci="2" mb="0" cb="0"/><line nr="2580" mi="0" ci="11" mb="0" cb="2"/><line nr="2581" mi="0" ci="9" mb="0" cb="2"/><line nr="2582" mi="1" ci="8" mb="1" cb="1"/><line nr="2583" mi="4" ci="5" mb="1" cb="1"/><line nr="2585" mi="0" ci="23" mb="5" cb="5"/><line nr="2590" mi="3" ci="0" mb="0" cb="0"/><line nr="2591" mi="4" ci="0" mb="2" cb="0"/><line nr="2592" mi="14" ci="0" mb="0" cb="0"/><line nr="2593" mi="4" ci="0" mb="2" cb="0"/><line nr="2594" mi="14" ci="
[...]
3" mb="0" cb="2"/><line nr="50" mi="0" ci="3" mb="0" cb="0"/><line nr="51" mi="0" ci="6" mb="1" cb="1"/><line nr="52" mi="0" ci="10" mb="0" cb="0"/><line nr="56" mi="0" ci="9" mb="0" cb="0"/><line nr="58" mi="0" ci="6" mb="0" cb="0"/><line nr="59" mi="0" ci="2" mb="0" cb="0"/><line nr="64" mi="0" ci="6" mb="0" cb="0"/><line nr="65" mi="0" ci="2" mb="0" cb="0"/><line nr="69" mi="0" ci="4" mb="0" cb="0"/><counter type="INSTRUCTION" missed="0" covered="62"/><counter type="BRANCH" missed="1" covered="3"/><counter type="LINE" missed="0" covered="13"/><counter type="COMPLEXITY" missed="1" covered="5"/><counter type="METHOD" missed="0" covered="4"/><counter type="CLASS" missed="0" covered="1"/></sourcefile><sourcefile name="AggregateMojo.java"><line nr="54" mi="0" ci="2" mb="0" cb="0"/><line nr="59" mi="0" ci="4" mb="0" cb="0"/><line nr="72" mi="0" ci="7" mb="0" cb="0"/><line nr="73" mi="0" ci="13" mb="0" cb="2"/><line nr="76" mi="0" ci="6" mb="0" cb="0"/><line nr="77" mi="0" ci="2" mb="1" cb="1"/><line nr="78" mi="2" ci="0" mb="2" cb="0"/><line nr="79" mi="3" ci="0" mb="0" cb="0"/><line nr="81" mi="6" ci="0" mb="0" cb="0"/><line nr="83" mi="3" ci="0" mb="2" cb="0"/><line nr="84" mi="3" ci="0" mb="0" cb="0"/><line nr="85" mi="10" ci="0" mb="0" cb="0"/><line nr="86" mi="3" ci="0" mb="2" cb="0"/><line nr="87" mi="6" ci="0" mb="0" cb="0"/><line nr="89" mi="4" ci="0" mb="0" cb="0"/><line nr="90" mi="4" ci="0" mb="2" cb="0"/><line nr="91" mi="4" ci="0" mb="0" cb="0"/><line nr="95" mi="0" ci="1" mb="0" cb="0"/><line nr="96" mi="0" ci="2" mb="0" cb="0"/><line nr="110" mi="7" ci="0" mb="0" cb="0"/><line nr="111" mi="13" ci="0" mb="2" cb="0"/><line nr="112" mi="6" ci="0" mb="0" cb="0"/><line nr="113" mi="1" ci="0" mb="0" cb="0"/><line nr="114" mi="2" ci="0" mb="0" cb="0"/><line nr="125" mi="0" ci="2" mb="1" cb="1"/><line nr="126" mi="2" ci="0" mb="0" cb="0"/><line nr="128" mi="0" ci="4" mb="0" cb="0"/><line nr="130" mi="0" ci="4" mb="0" cb="2"/><line nr="131" mi="0" ci="12" mb="0" cb="0"/><line nr="133" mi="0" ci="11" mb="0" cb="2"/><line nr="134" mi="0" ci="11" mb="0" cb="2"/><line nr="135" mi="0" ci="4" mb="1" cb="1"/><line nr="137" mi="0" ci="7" mb="0" cb="0"/><line nr="138" mi="0" ci="3" mb="0" cb="0"/><line nr="139" mi="0" ci="10" mb="1" cb="3"/><line nr="140" mi="0" ci="3" mb="0" cb="2"/><line nr="141" mi="0" ci="12" mb="0" cb="0"/><line nr="144" mi="1" ci="0" mb="0" cb="0"/><line nr="145" mi="4" ci="0" mb="2" cb="0"/><line nr="146" mi="5" ci="0" mb="0" cb="0"/><line nr="148" mi="0" ci="1" mb="0" cb="0"/><line nr="150" mi="0" ci="1" mb="0" cb="0"/><line nr="151" mi="0" ci="1" mb="0" cb="0"/><line nr="153" mi="0" ci="3" mb="0" cb="0"/><line nr="154" mi="0" ci="11" mb="0" cb="2"/><line nr="155" mi="0" ci="4" mb="1" cb="1"/><line nr="156" mi="0" ci="10" mb="0" cb="4"/><line nr="157" mi="4" ci="4" mb="3" cb="1"/><line nr="158" mi="12" ci="0" mb="0" cb="0"/><line nr="161" mi="0" ci="11" mb="0" cb="2"/><line nr="162" mi="0" ci="4" mb="1" cb="1"/><line nr="163" mi="0" ci="11" mb="1" cb="3"/><line nr="164" mi="0" ci="3" mb="0" cb="2"/><line nr="165" mi="0" ci="3" mb="1" cb="1"/><line nr="166" mi="0" ci="12" mb="0" cb="0"/><line nr="169" mi="0" ci="1" mb="0" cb="0"/><line nr="171" mi="0" ci="4" mb="0" cb="0"/><line nr="172" mi="0" ci="10" mb="0" cb="2"/><line nr="173" mi="0" ci="4" mb="1" cb="1"/><line nr="174" mi="0" ci="11" mb="0" cb="2"/><line nr="176" mi="0" ci="7" mb="0" cb="0"/><line nr="177" mi="0" ci="3" mb="0" cb="0"/><line nr="178" mi="0" ci="5" mb="0" cb="2"/><line nr="179" mi="0" ci="4" mb="0" cb="0"/><line nr="181" mi="1" ci="0" mb="0" cb="0"/><line nr="182" mi="4" ci="0" mb="2" cb="0"/><line nr="183" mi="5" ci="0" mb="0" cb="0"/><line nr="185" mi="0" ci="1" mb="0" cb="0"/><line nr="186" mi="0" ci="1" mb="0" cb="0"/><line nr="188" mi="0" ci="1" mb="0" cb="0"/><line nr="189" mi="0" ci="10" mb="0" cb="2"/><line nr="190" mi="0" ci="4" mb="1" cb="1"/><line nr="191" mi="4" ci="4" mb="3" cb="1"/><line nr="192" mi="12" ci="0" mb="0" cb="0"/><line nr="195" mi="0" ci="1" mb="0" cb="0"/><line nr="197" mi="0" ci="1" mb="0" cb="0"/><line nr="198" mi="0" ci="6" mb="0" cb="4"/><line nr="199" mi="0" ci="4" mb="0" cb="2"/><line nr="200" mi="0" ci="17" mb="0" cb="0"/><line nr="202" mi="0" ci="2" mb="0" cb="0"/><line nr="214" mi="0" ci="4" mb="0" cb="0"/><line nr="215" mi="0" ci="7" mb="0" cb="0"/><line nr="216" mi="0" ci="2" mb="0" cb="0"/><line nr="217" mi="0" ci="11" mb="1" cb="3"/><line nr="218" mi="0" ci="5" mb="0" cb="0"/><line nr="219" mi="0" ci="6" mb="0" cb="0"/><line nr="220" mi="0" ci="2" mb="0" cb="0"/><line nr="221" mi="0" ci="1" mb="0" cb="0"/><line nr="222" mi="0" ci="2" mb="0" cb="0"/><line nr="224" mi="0" ci="5" mb="0" cb="0"/><line nr="226" mi="8" ci="9" mb="4" cb="2"/><line nr="227" mi="0" ci="2" mb="1" cb="1"/><line nr="228" mi="12" ci="0" mb="0" cb="0"/><line nr="230" mi="0" ci="2" mb="0" cb="0"/><line nr="241" mi="5" ci="0" mb="0" cb="0"/><line nr="246" mi="2" ci="0" mb="0" cb="0"/><line nr="257" mi="3" ci="0" mb="0" cb="0"/><line nr="269" mi="2" ci="0" mb="0" cb="0"/><counter type="INSTRUCTION" missed="163" covered="358"/><counter type="BRANCH" missed="36" covered="56"/><counter type="LINE" missed="30" covered="68"/><counter type="COMPLEXITY" missed="31" covered="28"/><counter type="METHOD" missed="5" covered="8"/><counter type="CLASS" missed="0" covered="1"/></sourcefile><sourcefile name="PurgeMojo.java"><line nr="43" mi="3" ci="0" mb="0" cb="0"/><line nr="52" mi="2" ci="0" mb="0" cb="0"/><line nr="65" mi="2" ci="0" mb="0" cb="0"/><line nr="66" mi="9" ci="0" mb="0" cb="0"/><line nr="67" mi="3" ci="0" mb="0" cb="0"/><line nr="69" mi="3" ci="0" mb="0" cb="0"/><line nr="71" mi="1" ci="0" mb="0" cb="0"/><line nr="81" mi="2" ci="0" mb="0" cb="0"/><line nr="93" mi="2" ci="0" mb="0" cb="0"/><line nr="105" mi="5" ci="0" mb="0" cb="0"/><line nr="119" mi="5" ci="0" mb="0" cb="0"/><counter type="INSTRUCTION" missed="37" covered="0"/><counter type="LINE" missed="11" covered="0"/><counter type="COMPLEXITY" missed="7" covered="0"/><counter type="METHOD" missed="7" covered="0"/><counter type="CLASS" missed="1" covered="0"/></sourcefile><counter type="INSTRUCTION" missed="2148" covered="3353"/><counter type="BRANCH" missed="349" covered="255"/><counter type="LINE" missed="447" covered="684"/><counter type="COMPLEXITY" missed="269" covered="149"/><counter type="METHOD" missed="36" covered="80"/><counter type="CLASS" missed="1" covered="11"/></package><package name="org/owasp/dependency_check_maven"><class name="org/owasp/dependency_check_maven/HelpMojo" sourcefilename="HelpMojo.java"><method name="&lt;init&gt;" desc="()V" line="28"><counter type="INSTRUCTION" missed="3" covered="0"/><counter type="LINE" missed="1" covered="0"/><counter type="COMPLEXITY" missed="1" covered="0"/><counter type="METHOD" missed="1" covered="0"/></method><method name="build" desc="()Lorg/w3c/dom/Document;" line="68"><counter type="INSTRUCTION" missed="53" covered="0"/><counter type="BRANCH" missed="2" covered="0"/><counter type="LINE" missed="13" covered="0"/><counter type="COMPLEXITY" missed="2" covered="0"/><counter type="METHOD" missed="1" covered="0"/></method><method name="execute" desc="()V" line="100"><counter type="INSTRUCTION" missed="178" covered="0"/><counter type="BRANCH" missed="20" covered="0"/><counter type="LINE" missed="31" covered="0"/><counter type="COMPLEXITY" missed="11" covered="0"/><counter type="METHOD" missed="1" covered="0"/></method><method name="isNotEmpty" desc="(Ljava/lang/String;)Z" line="165"><counter type="INSTRUCTION" missed="9" covered="0"/><counter type="BRANCH" missed="4" covered="0"/><counter type="LINE" missed="1" covered="0"/><counter type="COMPLEXITY" missed="3" covered="0"/><counter type="METHOD" missed="1" covered="0"/></method><method name="getValue" desc="(Lorg/w3c/dom/Node;Ljava/lang/String;)Ljava/lang/String;" line="171"><counter type="INSTRUCTION" missed="5" covered="0"/><counter type="LINE" missed="1" covered="0"/><counter type="COMPLEXITY" missed="1" covered="0"/><counter type="METHOD" missed="1" covered="0"/></method><method name="getSingleChild" desc="(Lorg/w3c/dom/Node;Ljava/lang/String;)Lorg/w3c/dom/Node;" line="177"><counter type="INSTRUCTION" missed="44" covered="0"/><counter type="BRANCH" missed="4" covered="0"/><counter type="LINE" missed="6" covered="0"/><counter type="COMPLEXITY" missed="3" covered="0"/><counter type="METHOD" missed="1" covered="0"/></method><method name="findNamedChild" desc="(Lorg/w3c/dom/Node;Ljava/lang/String;)Ljava/util/List;" line="191"><counter type="INSTRUCTION" missed="30" covered="0"/><counter type="BRANCH" missed="4" covered="0"/><counter type="LINE" missed="7" covered="0"/><counter type="COMPLEXITY" missed="3" covered="0"/><counter type="METHOD" missed="1" covered="0"/></method><method name="findSingleChild" desc="(Lorg/w3c/dom/Node;Ljava/lang/String;)Lorg/w3c/dom/Node;" line="207"><counter type="INSTRUCTION" missed="32" covered="0"/><counter type="BRANCH" missed="4" covered="0"/><counter type="LINE" missed="6" covered="0"/><counter type="COMPLEXITY" missed="3" covered="0"/><counter type="METHOD" missed="1" covered="0"/></method><method name="writeGoal" desc="(Ljava/lang/StringBuilder;Ljava/lang/String;Lorg/w3c/dom/Element;)V" line="222"><counter type="INSTRUCTION" missed="129" covered="0"/><counter type="BRANCH" missed="20" covered="0"/><counter type="LINE" missed="23" covered="0"/><counter type="COMPLEXITY" missed="11" covered="0"/><counter type="METHOD" missed="1" covered="0"/></method><method name="writeParameter" desc="(Ljava/lang/StringBuilder;Lorg/w3c/dom/Node;Lorg/w3c/dom/Node;)V" line="262"><counter type="INSTRUCTION" missed="122" covered="0"/><counter type="BRANCH" missed="16" covered="0"/><counter type="LINE" missed="21" covered="0"/><counter type="COMPLEXITY" missed="9" covered="0"/><counter type="METHOD" missed="1" covered="0"/></method><method name="repeat" desc="(Ljava/lang/String;I)Ljava/lang/String;" line="308"><counter type="INSTRUCTION" missed="22" covered="0"/><counter type="BRANCH" missed="2" covered="0"/><counter type="LINE" missed="4" covered="0"/><counter type="COMPLEXITY" missed="2" covered="0"/><counter type="METHOD" missed="1" covered="0"/></method><method name="append" desc="(Ljava/lang/StringBuilder;Ljava/lang/String;I)V" line="328"><counter type="INSTRUCTION" missed="24" covered="0"/><counter type="BRANCH" missed="2" covered="0"/><counter type="LINE" missed="4" covered="0"/><counter type="COMPLEXITY" missed="2" covered="0"/><counter type="METHOD" missed="1" covered="0"/></method><method name="toLines" desc="(Ljava/lang/String;III)Ljava/util/List;" line="346"><counter type="INSTRUCTION" missed="42" covered="0"/><counter type="BRANCH" missed="2" covered="0"/><counter type="LINE" missed="6" covered="0"/><counter type="COMPLEXITY" missed="2" covered="0"/><counter type="METHOD" missed="1" covered="0"/></method><method name="toLines" desc="(Ljava/util/List;Ljava/lang/String;II)V" line="370"><counter type="INSTRUCTION" missed="104" covered="0"/><counter type="BRANCH" missed="12" covered="0"/><counter type="LINE" missed="19" covered="0"/><counter type="COMPLEXITY" missed="7" covered="0"/><counter type="METHOD" missed="1" covered="0"/></method><method name="getIndentLevel" desc="(Ljava/lang/String;)I" line="419"><counter type="INSTRUCTION" missed="40" covered="0"/><counter type="BRANCH" missed="10" covered="0"/><counter type="LINE" missed="8" covered="0"/><counter type="COMPLEXITY" missed="6" covered="0"/><counter type="METHOD" missed="1" covered="0"/></method><method name="getPropertyFromExpression" desc="(Ljava/lang/String;)Ljava/lang/String;" line="437"><counter type="INSTRUCTION" missed="26" covered="0"/><counter type="BRANCH" missed="8" covered="0"/><counter type="LINE" missed="4" covered="0"/><counter type="COMPLEXITY" missed="5" covered="0"/><counter type="METHOD" missed="1" covered="0"/></method><counter type="INSTRUCTION" missed="863" covered="0"/><counter type="BRANCH" missed="110" covered="0"/><counter type="LINE" missed="155" covered="0"/><counter type="COMPLEXITY" missed="71" covered="0"/><counter type="METHOD" missed="16" covered="0"/><counter type="CLASS" missed="1" covered="0"/></class><sourcefile name="HelpMojo.java"><line nr="28" mi="3" ci="0" mb="0" cb="0"/><line nr="68" mi="4" ci="0" mb="0" cb="0"/><line nr="69" mi="7" ci="0" mb="0" cb="0"/><line nr="71" mi="2" ci="0" mb="2" cb="0"/><line nr="73" mi="5" ci="0" mb="0" cb="0"/><line nr="75" mi="2" ci="0" mb="0" cb="0"/><line nr="76" mi="3" ci="0" mb="0" cb="0"/><line nr="77" mi="6" ci="0" mb="0" cb="0"/><line nr="79" mi="1" ci="0" mb="0" cb="0"/><line nr="81" mi="7" ci="0" mb="0" cb="0"/><line nr="83" mi="1" ci="0" mb="0" cb="0"/><line nr="85" mi="7" ci="0" mb="0" cb="0"/><line nr="87" mi="1" ci="0" mb="0" cb="0"/><line nr="89" mi="7" ci="0" mb="0" cb="0"/><line nr="100" mi="3" ci="0" mb="2" cb="0"/><line nr="102" mi="4" ci="0" mb="0" cb="0"/><line nr="103" mi="3" ci="0" mb="0" cb="0"/><line nr="105" mi="3" ci="0" mb="2" cb="0"/><line nr="107" mi="4" ci="0" mb="0" cb="0"/><line nr="108" mi="3" ci="0" mb="0" cb="0"/><line nr="111" mi="3" ci="0" mb="0" cb="0"/><line nr="113" mi="4" ci="0" mb="0" cb="0"/><line nr="114" mi="4" ci="0" mb="0" cb="0"/><line nr="117" mi="4" ci="0" mb="0" cb="0"/><line nr="118" mi="4" ci="0" mb="0" cb="0"/><line nr="119" mi="19" ci="0" mb="0" cb="0"/><line nr="120" mi="7" ci="0" mb="4" cb="0"/><line nr="122" mi="15" ci="0" mb="0" cb="0"/><line nr="126" mi="3" ci="0" mb="2" cb="0"/><line nr="128" mi="6" ci="0" mb="0" cb="0"/><line nr="132" mi="5" ci="0" mb="0" cb="0"/><line nr="135" mi="7" ci="0" mb="0" cb="0"/><line nr="136" mi="5" ci="0" mb="0" cb="0"/><line nr="139" mi="4" ci="0" mb="0" cb="0"/><line nr="141" mi="4" ci="0" mb="0" cb="0"/><line nr="143" mi="4" ci="0" mb="0" cb="0"/><line nr="145" mi="7" ci="0" mb="4" cb="0"/><line nr="147" mi="21" ci="0" mb="2" cb="0"/><line nr="148" mi="5" ci="0" mb="0" cb="0"/><line nr="151" mi="10" ci="0" mb="2" cb="0"/><line nr="153" mi="6" ci="0" mb="0" cb="0"/><line nr="154" mi="1" ci="0" mb="0" cb="0"/><line nr="156" mi="4" ci="0" mb="2" cb="0"/><line nr="158" mi="5" ci="0" mb="0" cb="0"/><line nr="160" mi="1" ci="0" mb="0" cb="0"/><line nr="165" mi="9" ci="0" mb="4" cb="0"/><line nr="171" mi="5" ci="0" mb="0" cb="0"/><line nr="177" mi="4" ci="0" mb="0" cb="0"/><line nr="178" mi="3" ci="0" mb="2" cb="0"/><line nr="180" mi="14" ci="0" mb="0" cb="0"/><line nr="182" mi="4" ci="0" mb="2" cb="0"/><line nr="184" mi="14" ci="0" mb="0" cb="0"/><line nr="186" mi="5" ci="0" mb="0" cb="0"/><line nr="191" mi="4" ci="0" mb="0" cb="0"/><line nr="192" mi="3" ci="0" mb="0" cb="0"/><line nr="193" mi="8" ci="0" mb="2" cb="0"/><line nr="195" mi="4" ci="0" mb="0" cb="0"/><line nr="196" mi="5" ci="0" mb="2" cb="0"/><line nr="198" mi="4" ci="0" mb="0" cb="0"/><line nr="201" mi="2" ci="0" mb="0" cb="0"/><line nr="207" mi="4" ci="0" mb="0" cb="0"/><line nr="208" mi="3" ci="0" mb="2" cb="0"/><line nr="210" mi="2" ci="0" mb="0" cb="0"/><line nr="212" mi="4" ci="0" mb="2" cb="0"/><line nr="214" mi="14" ci="0" mb="0" cb="0"/><line nr="216" mi="5" ci="0" mb="0" cb="0"/><line nr="222" mi="4" ci="0" mb="0" cb="0"/><line nr="223" mi="4" ci="0" mb="0" cb="0"/><line nr="224" mi="4" ci="0" mb="0" cb="0"/><line nr="225" mi="12" ci="0" mb="6" cb="0"/><line nr="227" mi="14" ci="0" mb="0" cb="0"/><line nr="228" mi="4" ci="0" mb="0" cb="0"/><line nr="229" mi="6" ci="0" mb="4" cb="0"/><line nr="231" mi="13" ci="0" mb="0" cb="0"/><line nr="232" mi="5" ci="0" mb="4" cb="0"/><line nr="234" mi="5" ci="0" mb="0" cb="0"/><line nr="235" mi="7" ci="0" mb="0" cb="0"/><line nr="238" mi="2" ci="0" mb="2" cb="0"/><line nr="240" mi="6" ci="0" mb="0" cb="0"/><line nr="242" mi="5" ci="0" mb="0" cb="0"/><line nr="244" mi="3" ci="0" mb="2" cb="0"/><line nr="246" mi="4" ci="0" mb="0" cb="0"/><line nr="247" mi="4" ci="0" mb="0" cb="0"/><line nr="248" mi="5" ci="0" mb="0" cb="0"/><line nr="249" mi="5" ci="0" mb="0" cb="0"/><line nr="251" mi="10" ci="0" mb="2" cb="0"/><line nr="253" mi="5" ci="0" mb="0" cb="0"/><line nr="254" mi="1" ci="0" mb="0" cb="0"/><line nr="257" mi="1" ci="0" mb="0" cb="0"/><line nr="262" mi="4" ci="0" mb="0" cb="0"/><line nr="263" mi="4" ci="0" mb="0" cb="0"/><line nr="265" mi="2" ci="0" mb="0" cb="0"/><line nr="266" mi="2" ci="0" mb="2" cb="0"/><line nr="268" mi="5" ci="0" mb="0" cb="0"/><line nr="271" mi="2" ci="0" mb="0" cb="0"/><line nr="272" mi="6" ci="0" mb="4" cb="0"/><line nr="274" mi="13" ci="0" mb="0" cb="0"/><line nr="276" mi="12" ci="0" mb="0" cb="0"/><line nr="277" mi="4" ci="0" mb="0" cb="0"/><line nr="278" mi="6" ci="0" mb="4" cb="0"/><line nr="280" mi="13" ci="0" mb="0" cb="0"/><line nr="281" mi="5" ci="0" mb="0" cb="0"/><line nr="283" mi="5" ci="0" mb="0" cb="0"/><line nr="284" mi="6" ci="0" mb="2" cb="0"/><line nr="286" mi="5" ci="0" mb="0" cb="0"/><line nr="288" mi="6" ci="0" mb="4" cb="0"/><line nr="290" mi="4" ci="0" mb="0" cb="0"/><line nr="291" mi="12" ci="0" mb="0" cb="0"/><line nr="294" mi="5" ci="0" mb="0" cb="0"/><line nr="295" mi="1" ci="0" mb="0" cb="0"/><line nr="308" mi="8" ci="0" mb="0" cb="0"/><line nr="310" mi="7" ci="0" mb="2" cb="0"/><line nr="312" mi="4" ci="0" mb="0" cb="0"/><line nr="315" mi="3" ci="0" mb="0" cb="0"/><line nr="328" mi="16" ci="0" mb="2" cb="0"/><line nr="330" mi="6" ci="0" mb="0" cb="0"/><line nr="331" mi="1" ci="0" mb="0" cb="0"/><line nr="332" mi="1" ci="0" mb="0" cb="0"/><line nr="346" mi="4" ci="0" mb="0" cb="0"/><line nr="348" mi="4" ci="0" mb="0" cb="0"/><line nr="350" mi="4" ci="0" mb="0" cb="0"/><line nr="352" mi="16" ci="0" mb="2" cb="0"/><line nr="354" mi="12" ci="0" mb="0" cb="0"/><line nr="357" mi="2" ci="0" mb="0" cb="0"/><line nr="370" mi="3" ci="0" mb="0" cb="0"/><line nr="371" mi="5" ci="0" mb="0" cb="0"/><line nr="373" mi="4" ci="0" mb="0" cb="0"/><line nr="375" mi="16" ci="0" mb="2" cb="0"/><line nr="377" mi="3" ci="0" mb="2" cb="0"/><line nr="379" mi="7" ci="0" mb="2" cb="0"/><line nr="381" mi="5" ci="0" mb="0" cb="0"/><line nr="382" mi="3" ci="0" mb="0" cb="0"/><line nr="383" mi="9" ci="0" mb="0" cb="0"/><line nr="387" mi="4" ci="0" mb="0" cb="0"/><line nr="391" mi="8" ci="0" mb="2" cb="0"/><line nr="393" mi="4" ci="0" mb="0" cb="0"/><line nr="394" mi="3" ci="0" mb="2" cb="0"/><line nr="396" mi="12" ci="0" mb="0" cb="0"/><line nr="398" mi="3" ci="0" mb="2" cb="0"/><line nr="400" mi="5" ci="0" mb="0" cb="0"/><line nr="404" mi="4" ci="0" mb="0" cb="0"/><line nr="408" mi="5" ci="0" mb="0" cb="0"/><line nr="409" mi="1" ci="0" mb="0" cb="0"/><line nr="419" mi="2" ci="0" mb="0" cb="0"/><line nr="420" mi="13" ci="0" mb="4" cb="0"/><line nr="422" mi="1" ci="0" mb="0" cb="0"/><line nr="424" mi="15" ci="0" mb="4" cb="0"/><line nr="426" mi="5" ci="0" mb="2" cb="0"/><line nr="428" mi="1" ci="0" mb="0" cb="0"/><line nr="429" mi="1" ci="0" mb="0" cb="0"/><line nr="432" mi="2" ci="0" mb="0" cb="0"/><line nr="437" mi="12" ci="0" mb="6" cb="0"/><line nr="438" mi="4" ci="0" mb="2" cb="0"/><line nr="441" mi="8" ci="0" mb="0" cb="0"/><line nr="444" mi="2" ci="0" mb="0" cb="0"/><counter type="INSTRUCTION" missed="863" covered="0"/><counter type="BRANCH" missed="110" covered="0"/><counter type="LINE" missed="155" covered="0"/><counter type="COMPLEXITY" missed="71" covered="0"/><counter type="METHOD" missed="16" covered="0"/><counter type="CLASS" missed="1" covered="0"/></sourcefile><counter type="INSTRUCTION" missed="863" covered="0"/><counter type="BRANCH" missed="110" covered="0"/><counter type="LINE" missed="155" covered="0"/><counter type="COMPLEXITY" missed="71" covered="0"/><counter type="METHOD" missed="16" covered="0"/><counter type="CLASS" missed="1" covered="0"/></package><counter type="INSTRUCTION" missed="3011" covered="3353"/><counter type="BRANCH" missed="459" covered="255"/><counter type="LINE" missed="602" covered="684"/><counter type="COMPLEXITY" missed="340" covered="149"/><counter type="METHOD" missed="52" covered="80"/><counter type="CLASS" missed="2" covered="11"/></report>